2025-09-15 09:42:26,181+0000 INFO  [quartz-14-thread-6]  *TASK org.sonatype.nexus.repository.content.tasks.normalize.NormalizeComponentVersionTask - Task information:
2025-09-15 09:42:26,210+0000 INFO  [quartz-14-thread-6]  *TASK org.sonatype.nexus.repository.content.tasks.normalize.NormalizeComponentVersionTask -  ID: 9e0b9b26-825d-4f60-b505-11a4b30acd01
2025-09-15 09:42:26,212+0000 INFO  [quartz-14-thread-6]  *TASK org.sonatype.nexus.repository.content.tasks.normalize.NormalizeComponentVersionTask -  Type: component.normalize.version
2025-09-15 09:42:26,215+0000 INFO  [quartz-14-thread-6]  *TASK org.sonatype.nexus.repository.content.tasks.normalize.NormalizeComponentVersionTask -  Name: Repair - Normalize component versions for retain-n
2025-09-15 09:42:26,216+0000 INFO  [quartz-14-thread-6]  *TASK org.sonatype.nexus.repository.content.tasks.normalize.NormalizeComponentVersionTask -  Description: populate normalized_version column on {format}_component tables
2025-09-15 09:42:26,217+0000 INFO  [quartz-14-thread-6]  *TASK org.sonatype.nexus.repository.content.tasks.normalize.NormalizeComponentVersionTask - Task configuration: {.updated=2025-09-15T09:42:26.003Z, .name=Repair - Normalize component versions for retain-n, .recoverable=false, .message=populate normalized_version column on {format}_component tables, .id=9e0b9b26-825d-4f60-b505-11a4b30acd01, .typeName=Repair - Normalize component versions for retain-n, .visible=false, .typeId=component.normalize.version, .exposed=false, .created=2025-09-15T09:42:26.003Z}
2025-09-15 09:42:26,236+0000 INFO  [quartz-14-thread-6]  *TASK org.sonatype.nexus.repository.content.tasks.normalize.NormalizeComponentVersionTask - normalizing cocoapods components version
2025-09-15 09:42:26,258+0000 INFO  [quartz-14-thread-6]  *TASK org.sonatype.nexus.repository.content.tasks.normalize.NormalizeComponentVersionTask - found 0 unnormalized records on cocoapods components
2025-09-15 09:42:26,270+0000 INFO  [quartz-14-thread-6]  *TASK org.sonatype.nexus.repository.content.tasks.normalize.NormalizeComponentVersionTask - normalizing p2 components version
2025-09-15 09:42:26,280+0000 INFO  [quartz-14-thread-6]  *TASK org.sonatype.nexus.repository.content.tasks.normalize.NormalizeComponentVersionTask - found 0 unnormalized records on p2 components
2025-09-15 09:42:26,291+0000 INFO  [quartz-14-thread-6]  *TASK org.sonatype.nexus.repository.content.tasks.normalize.NormalizeComponentVersionTask - normalizing apt components version
2025-09-15 09:42:26,300+0000 INFO  [quartz-14-thread-6]  *TASK org.sonatype.nexus.repository.content.tasks.normalize.NormalizeComponentVersionTask - found 0 unnormalized records on apt components
2025-09-15 09:42:26,308+0000 INFO  [quartz-14-thread-6]  *TASK org.sonatype.nexus.repository.content.tasks.normalize.NormalizeComponentVersionTask - normalizing gitlfs components version
2025-09-15 09:42:26,318+0000 INFO  [quartz-14-thread-6]  *TASK org.sonatype.nexus.repository.content.tasks.normalize.NormalizeComponentVersionTask - found 0 unnormalized records on gitlfs components
2025-09-15 09:42:26,324+0000 INFO  [quartz-14-thread-6]  *TASK org.sonatype.nexus.repository.content.tasks.normalize.NormalizeComponentVersionTask - normalizing composer components version
2025-09-15 09:42:26,335+0000 INFO  [quartz-14-thread-6]  *TASK org.sonatype.nexus.repository.content.tasks.normalize.NormalizeComponentVersionTask - found 0 unnormalized records on composer components
2025-09-15 09:42:26,338+0000 INFO  [quartz-14-thread-6]  *TASK org.sonatype.nexus.repository.content.tasks.normalize.NormalizeComponentVersionTask - normalizing conan components version
2025-09-15 09:42:26,353+0000 INFO  [quartz-14-thread-6]  *TASK org.sonatype.nexus.repository.content.tasks.normalize.NormalizeComponentVersionTask - found 0 unnormalized records on conan components
2025-09-15 09:42:26,361+0000 INFO  [quartz-14-thread-6]  *TASK org.sonatype.nexus.repository.content.tasks.normalize.NormalizeComponentVersionTask - normalizing go components version
2025-09-15 09:42:26,375+0000 INFO  [quartz-14-thread-6]  *TASK org.sonatype.nexus.repository.content.tasks.normalize.NormalizeComponentVersionTask - found 0 unnormalized records on go components
2025-09-15 09:42:26,380+0000 INFO  [quartz-14-thread-6]  *TASK org.sonatype.nexus.repository.content.tasks.normalize.NormalizeComponentVersionTask - normalizing maven2 components version
2025-09-15 09:42:26,389+0000 INFO  [quartz-14-thread-6]  *TASK org.sonatype.nexus.repository.content.tasks.normalize.NormalizeComponentVersionTask - found 0 unnormalized records on maven2 components
2025-09-15 09:42:26,397+0000 INFO  [quartz-14-thread-6]  *TASK org.sonatype.nexus.repository.content.tasks.normalize.NormalizeComponentVersionTask - normalizing raw components version
2025-09-15 09:42:26,415+0000 INFO  [quartz-14-thread-6]  *TASK org.sonatype.nexus.repository.content.tasks.normalize.NormalizeComponentVersionTask - found 0 unnormalized records on raw components
2025-09-15 09:42:26,426+0000 INFO  [quartz-14-thread-6]  *TASK org.sonatype.nexus.repository.content.tasks.normalize.NormalizeComponentVersionTask - normalizing npm components version
2025-09-15 09:42:26,436+0000 INFO  [quartz-14-thread-6]  *TASK org.sonatype.nexus.repository.content.tasks.normalize.NormalizeComponentVersionTask - found 0 unnormalized records on npm components
2025-09-15 09:42:26,442+0000 INFO  [quartz-14-thread-6]  *TASK org.sonatype.nexus.repository.content.tasks.normalize.NormalizeComponentVersionTask - normalizing huggingface components version
2025-09-15 09:42:26,453+0000 INFO  [quartz-14-thread-6]  *TASK org.sonatype.nexus.repository.content.tasks.normalize.NormalizeComponentVersionTask - found 0 unnormalized records on huggingface components
2025-09-15 09:42:26,458+0000 INFO  [quartz-14-thread-6]  *TASK org.sonatype.nexus.repository.content.tasks.normalize.NormalizeComponentVersionTask - normalizing nuget components version
2025-09-15 09:42:26,475+0000 INFO  [quartz-14-thread-6]  *TASK org.sonatype.nexus.repository.content.tasks.normalize.NormalizeComponentVersionTask - found 0 unnormalized records on nuget components
2025-09-15 09:42:26,481+0000 INFO  [quartz-14-thread-6]  *TASK org.sonatype.nexus.repository.content.tasks.normalize.NormalizeComponentVersionTask - normalizing rubygems components version
2025-09-15 09:42:26,492+0000 INFO  [quartz-14-thread-6]  *TASK org.sonatype.nexus.repository.content.tasks.normalize.NormalizeComponentVersionTask - found 0 unnormalized records on rubygems components
2025-09-15 09:42:26,498+0000 INFO  [quartz-14-thread-6]  *TASK org.sonatype.nexus.repository.content.tasks.normalize.NormalizeComponentVersionTask - normalizing helm components version
2025-09-15 09:42:26,511+0000 INFO  [quartz-14-thread-6]  *TASK org.sonatype.nexus.repository.content.tasks.normalize.NormalizeComponentVersionTask - found 0 unnormalized records on helm components
2025-09-15 09:42:26,527+0000 INFO  [quartz-14-thread-6]  *TASK org.sonatype.nexus.repository.content.tasks.normalize.NormalizeComponentVersionTask - normalizing docker components version
2025-09-15 09:42:26,547+0000 INFO  [quartz-14-thread-6]  *TASK org.sonatype.nexus.repository.content.tasks.normalize.NormalizeComponentVersionTask - found 0 unnormalized records on docker components
2025-09-15 09:42:26,555+0000 INFO  [quartz-14-thread-6]  *TASK org.sonatype.nexus.repository.content.tasks.normalize.NormalizeComponentVersionTask - normalizing yum components version
2025-09-15 09:42:26,571+0000 INFO  [quartz-14-thread-6]  *TASK org.sonatype.nexus.repository.content.tasks.normalize.NormalizeComponentVersionTask - found 0 unnormalized records on yum components
2025-09-15 09:42:26,580+0000 INFO  [quartz-14-thread-6]  *TASK org.sonatype.nexus.repository.content.tasks.normalize.NormalizeComponentVersionTask - normalizing r components version
2025-09-15 09:42:26,618+0000 INFO  [quartz-14-thread-6]  *TASK org.sonatype.nexus.repository.content.tasks.normalize.NormalizeComponentVersionTask - found 0 unnormalized records on r components
2025-09-15 09:42:26,637+0000 INFO  [quartz-14-thread-6]  *TASK org.sonatype.nexus.repository.content.tasks.normalize.NormalizeComponentVersionTask - normalizing pypi components version
2025-09-15 09:42:26,653+0000 INFO  [quartz-14-thread-6]  *TASK org.sonatype.nexus.repository.content.tasks.normalize.NormalizeComponentVersionTask - found 0 unnormalized records on pypi components
2025-09-15 09:42:26,662+0000 INFO  [quartz-14-thread-6]  *TASK org.sonatype.nexus.repository.content.tasks.normalize.NormalizeComponentVersionTask - normalizing conda components version
2025-09-15 09:42:26,687+0000 INFO  [quartz-14-thread-6]  *TASK org.sonatype.nexus.repository.content.tasks.normalize.NormalizeComponentVersionTask - found 0 unnormalized records on conda components
2025-09-15 09:42:26,700+0000 INFO  [quartz-14-thread-6]  *TASK org.sonatype.nexus.repository.content.tasks.normalize.NormalizeComponentVersionTask - normalizing cargo components version
2025-09-15 09:42:26,709+0000 INFO  [quartz-14-thread-6]  *TASK org.sonatype.nexus.repository.content.tasks.normalize.NormalizeComponentVersionTask - found 0 unnormalized records on cargo components
2025-09-15 09:42:26,722+0000 INFO  [quartz-14-thread-6]  *TASK org.sonatype.nexus.repository.content.tasks.normalize.NormalizeComponentVersionTask - Task complete
