2025-09-15 09:42:25,374+0000 INFO  [quartz-14-thread-4]  *TASK org.sonatype.nexus.repository.content.tasks.CreateComponentIndexTask - Task information:
2025-09-15 09:42:25,425+0000 INFO  [quartz-14-thread-4]  *TASK org.sonatype.nexus.repository.content.tasks.CreateComponentIndexTask -  ID: 0a0dc734-0105-4b12-bb38-792e6a3704f6
2025-09-15 09:42:25,433+0000 INFO  [quartz-14-thread-4]  *TASK org.sonatype.nexus.repository.content.tasks.CreateComponentIndexTask -  Type: create.component.index.task
2025-09-15 09:42:25,445+0000 INFO  [quartz-14-thread-4]  *TASK org.sonatype.nexus.repository.content.tasks.CreateComponentIndexTask -  Name: Repair - Recreate component indexes for performance
2025-09-15 09:42:25,447+0000 INFO  [quartz-14-thread-4]  *TASK org.sonatype.nexus.repository.content.tasks.CreateComponentIndexTask -  Description: Create new indexes for querying the various format component tables by full coordinates
2025-09-15 09:42:25,448+0000 INFO  [quartz-14-thread-4]  *TASK org.sonatype.nexus.repository.content.tasks.CreateComponentIndexTask - Task configuration: {.updated=2025-09-15T09:42:25.026Z, .name=Repair - Recreate component indexes for performance, .recoverable=false, .message=Create new indexes for querying the various format component tables by full coordinates, .id=0a0dc734-0105-4b12-bb38-792e6a3704f6, .typeName=Repair - Recreate component indexes for performance, .visible=false, .typeId=create.component.index.task, .exposed=false, .created=2025-09-15T09:42:25.026Z}
2025-09-15 09:42:25,467+0000 INFO  [quartz-14-thread-4]  *TASK org.sonatype.nexus.repository.content.tasks.CreateComponentIndexService - Recreating component coordinate index for format: apt.  0% done
2025-09-15 09:42:25,470+0000 INFO  [quartz-14-thread-4]  *TASK org.sonatype.nexus.repository.content.tasks.CreateComponentIndexService - Recreating component coordinate index for format: maven2.  5% done
2025-09-15 09:42:25,472+0000 INFO  [quartz-14-thread-4]  *TASK org.sonatype.nexus.repository.content.tasks.CreateComponentIndexService - Recreating component coordinate index for format: raw.  10% done
2025-09-15 09:42:25,474+0000 INFO  [quartz-14-thread-4]  *TASK org.sonatype.nexus.repository.content.tasks.CreateComponentIndexService - Recreating component coordinate index for format: docker.  15% done
2025-09-15 09:42:25,476+0000 INFO  [quartz-14-thread-4]  *TASK org.sonatype.nexus.repository.content.tasks.CreateComponentIndexService - Recreating component coordinate index for format: gitlfs.  20% done
2025-09-15 09:42:25,484+0000 INFO  [quartz-14-thread-4]  *TASK org.sonatype.nexus.repository.content.tasks.CreateComponentIndexService - Recreating component coordinate index for format: rubygems.  25% done
2025-09-15 09:42:25,489+0000 INFO  [quartz-14-thread-4]  *TASK org.sonatype.nexus.repository.content.tasks.CreateComponentIndexService - Recreating component coordinate index for format: yum.  30% done
2025-09-15 09:42:25,491+0000 INFO  [quartz-14-thread-4]  *TASK org.sonatype.nexus.repository.content.tasks.CreateComponentIndexService - Recreating component coordinate index for format: cargo.  35% done
2025-09-15 09:42:25,504+0000 INFO  [quartz-14-thread-4]  *TASK org.sonatype.nexus.repository.content.tasks.CreateComponentIndexService - Recreating component coordinate index for format: cocoapods.  40% done
2025-09-15 09:42:25,506+0000 INFO  [quartz-14-thread-4]  *TASK org.sonatype.nexus.repository.content.tasks.CreateComponentIndexService - Recreating component coordinate index for format: composer.  45% done
2025-09-15 09:42:25,508+0000 INFO  [quartz-14-thread-4]  *TASK org.sonatype.nexus.repository.content.tasks.CreateComponentIndexService - Recreating component coordinate index for format: conan.  50% done
2025-09-15 09:42:25,509+0000 INFO  [quartz-14-thread-4]  *TASK org.sonatype.nexus.repository.content.tasks.CreateComponentIndexService - Recreating component coordinate index for format: conda.  55% done
2025-09-15 09:42:25,521+0000 INFO  [quartz-14-thread-4]  *TASK org.sonatype.nexus.repository.content.tasks.CreateComponentIndexService - Recreating component coordinate index for format: go.  60% done
2025-09-15 09:42:25,523+0000 INFO  [quartz-14-thread-4]  *TASK org.sonatype.nexus.repository.content.tasks.CreateComponentIndexService - Recreating component coordinate index for format: helm.  65% done
2025-09-15 09:42:25,537+0000 INFO  [quartz-14-thread-4]  *TASK org.sonatype.nexus.repository.content.tasks.CreateComponentIndexService - Recreating component coordinate index for format: huggingface.  70% done
2025-09-15 09:42:25,539+0000 INFO  [quartz-14-thread-4]  *TASK org.sonatype.nexus.repository.content.tasks.CreateComponentIndexService - Recreating component coordinate index for format: npm.  75% done
2025-09-15 09:42:25,541+0000 INFO  [quartz-14-thread-4]  *TASK org.sonatype.nexus.repository.content.tasks.CreateComponentIndexService - Recreating component coordinate index for format: nuget.  80% done
2025-09-15 09:42:25,553+0000 INFO  [quartz-14-thread-4]  *TASK org.sonatype.nexus.repository.content.tasks.CreateComponentIndexService - Recreating component coordinate index for format: p2.  85% done
2025-09-15 09:42:25,557+0000 INFO  [quartz-14-thread-4]  *TASK org.sonatype.nexus.repository.content.tasks.CreateComponentIndexService - Recreating component coordinate index for format: pypi.  90% done
2025-09-15 09:42:25,559+0000 INFO  [quartz-14-thread-4]  *TASK org.sonatype.nexus.repository.content.tasks.CreateComponentIndexService - Recreating component coordinate index for format: r.  95% done
2025-09-15 09:42:25,569+0000 INFO  [quartz-14-thread-4]  *TASK org.sonatype.nexus.repository.content.tasks.CreateComponentIndexService - Recreating component coordinate index for all formats.  100% done
2025-09-15 09:42:25,571+0000 INFO  [quartz-14-thread-4]  *TASK org.sonatype.nexus.repository.content.tasks.CreateComponentIndexTask - Task complete
