[15/Sep/2025:09:42:44 +0000] - "GET https://clm.sonatype.com/user-telemetry-rm.js HTTP/1.1" 200 -1 - [qtp1838489033-24]
[15/Sep/2025:09:42:44 +0000] - "GET https://rhc.sonatype.com/rest/rhc/extras/maliciousContent/adcad7ae-e120e0c0-b609d707-507eb54e-bf67ca6d HTTP/1.1" 200 2 - [qtp1838489033-28]
[15/Sep/2025:09:42:48 +0000] - "GET https://clm.sonatype.com/rest/environment/stats HTTP/1.1" 200 81 - [qtp1838489033-26]
[15/Sep/2025:09:42:51 +0000] - "GET https://links.sonatype.com/products/nexus/outreach/community/3.84.0-03/en/anonymous HTTP/1.1" 302 -1 1457 [pool-3-thread-1]
[15/Sep/2025:09:42:52 +0000] - "GET https://download.sonatype.com/nexus/outreach/community-en-all-anonymous.zip HTTP/1.1" 302 138 1109 [pool-3-thread-1]
[15/Sep/2025:09:42:53 +0000] - "GET https://rhc.sonatype.com/rest/component/details/firewall/malicious-risk/enabledRegistries HTTP/1.1" 200 -1 - [quartz-14-thread-13]
[15/Sep/2025:09:42:53 +0000] - "GET https://sonatype-download.global.ssl.fastly.net/nexus/outreach/community-en-all-anonymous.zip HTTP/1.1" 302 138 404 [pool-3-thread-1]
[15/Sep/2025:09:42:53 +0000] - "GET https://sonatype-download.global.ssl.fastly.net/repository/downloads-prod-group/outreach/A/community-en-all-anonymous.zip HTTP/1.1" 200 667432 - [pool-3-thread-1]
[15/Sep/2025:09:42:53 +0000] - "GET https://clm.sonatype.com/user-telemetry/v1/rte/v1/configuration/AP-YFGMCGUNNIFB-2 HTTP/1.1" 200 2146 - [qtp1838489033-30]
[15/Sep/2025:09:42:54 +0000] - "POST https://clm.sonatype.com/user-telemetry/v1/rte/v2/command?p=AP-YFGMCGUNNIFB-2&et=pageview HTTP/1.1" 200 73 - [qtp1838489033-25]
[15/Sep/2025:09:42:54 +0000] - "POST https://clm.sonatype.com/user-telemetry/v1/rte/v2/command?p=AP-YFGMCGUNNIFB-2&et=sessionInitialized HTTP/1.1" 200 73 - [qtp1838489033-89]
[15/Sep/2025:09:42:54 +0000] - "POST https://clm.sonatype.com/user-telemetry/v1/rte/v2/command?p=AP-YFGMCGUNNIFB-2&et=identify HTTP/1.1" 200 69 - [qtp1838489033-30]
[15/Sep/2025:09:42:54 +0000] - "GET https://clm.sonatype.com/user-telemetry/v1/style.css?a=AP-YFGMCGUNNIFB-2 HTTP/1.1" 200 52896 - [qtp1838489033-26]
[15/Sep/2025:09:42:55 +0000] - "GET https://clm.sonatype.com/user-telemetry/v1/rte/api/v1/feature/client?p=AP-YFGMCGUNNIFB-2&sv=0.53.0&v=AP-YFGMCGUNNIFB-2-1757929373473-38419516&ai=AP-YFGMCGUNNIFB-2-1757929373473-38419516&vt=0&s=AP-YFGMCGUNNIFB-2-1757929373483-93511457&wsv=0.53.0&cb=1757929373515-2973 HTTP/1.1" 200 41332 - [qtp1838489033-24]
[15/Sep/2025:09:42:55 +0000] - "GET https://clm.sonatype.com/user-telemetry/v1/rte/v2/kc?s=AP-YFGMCGUNNIFB-2-1757929375548-37881939&p=AP-YFGMCGUNNIFB-2 HTTP/1.1" 200 0 - [qtp1838489033-90]
[15/Sep/2025:09:42:56 +0000] - "POST https://clm.sonatype.com/user-telemetry/v1/rte/v2/command?p=AP-YFGMCGUNNIFB-2&et=sessionInitialized HTTP/1.1" 200 0 - [qtp1838489033-31]
[15/Sep/2025:09:42:56 +0000] - "GET https://clm.sonatype.com/user-telemetry/v1/rte/v1/inapp?p=AP-YFGMCGUNNIFB-2&sv=0.53.0&v=AP-YFGMCGUNNIFB-2-1757929375550-49647461&ai=6b933aba-006b-4c12-b4b5-a0ddc2adfcf4&vt=2&s=AP-YFGMCGUNNIFB-2-1757929373483-93511457&sc=https%3A%2F%2F&ho=obfuscated-rm-base.example.com&pa=%2F&q=&ha=%23browse%2Fwelcome&u=obfuscated-rm-base.example.com%2F%23browse%2Fwelcome&gcx=%7B%22rm_serverVersion%22%3A%223.84.0-03%22%7D&cb=1757929376415-2997 HTTP/1.1" 200 0 - [qtp1838489033-91]
[15/Sep/2025:09:42:56 +0000] - "GET https://clm.sonatype.com/user-telemetry/v1/rte/v2/kc?s=AP-YFGMCGUNNIFB-2-1757929375548-37881939&p=AP-YFGMCGUNNIFB-2 HTTP/1.1" 200 0 - [qtp1838489033-90]
[15/Sep/2025:09:42:57 +0000] - "GET https://clm.sonatype.com/user-telemetry/v1/rte/v2/kc?s=AP-YFGMCGUNNIFB-2-1757929375548-37881939&p=AP-YFGMCGUNNIFB-2 HTTP/1.1" 200 0 - [qtp1838489033-25]
[15/Sep/2025:09:42:58 +0000] - "GET https://clm.sonatype.com/user-telemetry/v1/rte/v2/kc?s=AP-YFGMCGUNNIFB-2-1757929375548-37881939&p=AP-YFGMCGUNNIFB-2 HTTP/1.1" 200 0 - [qtp1838489033-28]
[15/Sep/2025:09:42:58 +0000] - "GET https://rhc.sonatype.com/rest/rhc/scan/adcad7ae-e120e0c0-b609d707-507eb54e-bf67ca6d/maven-central?timestamp=2025-09-15_09%3A42%3A58 HTTP/1.1" 200 60 - [quartz-14-thread-14]
[15/Sep/2025:09:42:58 +0000] - "GET https://clm.sonatype.com/user-telemetry/v1/rte/v2/kc?s=AP-YFGMCGUNNIFB-2-1757929375548-37881939&p=AP-YFGMCGUNNIFB-2 HTTP/1.1" 200 0 - [qtp1838489033-25]
[15/Sep/2025:09:42:59 +0000] - "GET https://clm.sonatype.com/user-telemetry/v1/rte/v2/kc?s=AP-YFGMCGUNNIFB-2-1757929375548-37881939&p=AP-YFGMCGUNNIFB-2 HTTP/1.1" 200 0 - [qtp1838489033-29]
[15/Sep/2025:09:43:05 +0000] - "PUT https://rhc.sonatype.com/rest/rhc/scan/adcad7ae-e120e0c0-b609d707-507eb54e-bf67ca6d/maven-central?timestamp=2025-09-15_09%3A43%3A04 HTTP/1.1" 200 92 - [quartz-14-thread-14]
[15/Sep/2025:09:43:07 +0000] - "GET https://rhc.sonatype.com/rest/rhc/scan/adcad7ae-e120e0c0-b609d707-507eb54e-bf67ca6d/nuget.org-proxy?timestamp=2025-09-15_09%3A43%3A06 HTTP/1.1" 200 60 - [quartz-14-thread-15]
[15/Sep/2025:09:43:14 +0000] - "PUT https://rhc.sonatype.com/rest/rhc/scan/adcad7ae-e120e0c0-b609d707-507eb54e-bf67ca6d/nuget.org-proxy?timestamp=2025-09-15_09%3A43%3A13 HTTP/1.1" 200 92 - [quartz-14-thread-15]
[15/Sep/2025:09:43:16 +0000] - "GET https://rhc.sonatype.com/rest/rhc/scan/adcad7ae-e120e0c0-b609d707-507eb54e-bf67ca6d/maven-central?timestamp=2025-09-15_09%3A43%3A15 HTTP/1.1" 200 62 - [quartz-14-thread-16]
[15/Sep/2025:09:43:17 +0000] - "GET https://rhc.sonatype.com/rest/rhc/report/adcad7ae-e120e0c0-b609d707-507eb54e-bf67ca6d/maven-central?timestamp=2025-09-15_09%3A43%3A16 HTTP/1.1" 200 -1 - [quartz-14-thread-16]
[15/Sep/2025:09:43:39 +0000] - "GET https://rhc.sonatype.com/rest/rhc/scan/adcad7ae-e120e0c0-b609d707-507eb54e-bf67ca6d/nuget.org-proxy?timestamp=2025-09-15_09%3A43%3A38 HTTP/1.1" 200 63 - [quartz-14-thread-17]
[15/Sep/2025:09:43:40 +0000] - "GET https://rhc.sonatype.com/rest/rhc/report/adcad7ae-e120e0c0-b609d707-507eb54e-bf67ca6d/nuget.org-proxy?timestamp=2025-09-15_09%3A43%3A39 HTTP/1.1" 200 -1 - [quartz-14-thread-17]
[15/Sep/2025:09:44:19 +0000] - "GET https://clm.sonatype.com/user-telemetry/v1/rte/v1/inapp?p=AP-YFGMCGUNNIFB-2&sv=0.53.0&v=AP-YFGMCGUNNIFB-2-1757929375550-49647461&ai=6b933aba-006b-4c12-b4b5-a0ddc2adfcf4&vt=2&s=AP-YFGMCGUNNIFB-2-1757929375548-37881939&sc=https%3A%2F%2F&ho=obfuscated-rm-base.example.com&pa=%2F&q=&ha=%23browse%2Fwelcome&u=obfuscated-rm-base.example.com%2F%23browse%2Fwelcome&gcx=%7B%22rm_serverVersion%22%3A%223.84.0-03%22%2C%22usertype%22%3A%22anonymous%22%7D&cb=1757929458925-8963 HTTP/1.1" 200 0 - [qtp1838489033-90]
[15/Sep/2025:09:44:19 +0000] - "POST https://clm.sonatype.com/user-telemetry/v1/rte/v2/command?p=AP-YFGMCGUNNIFB-2&et=click HTTP/1.1" 200 0 - [qtp1838489033-28]
[15/Sep/2025:09:44:20 +0000] - "POST https://clm.sonatype.com/user-telemetry/v1/rte/v2/command?p=AP-YFGMCGUNNIFB-2&et=click HTTP/1.1" 200 0 - [qtp1838489033-29]
[15/Sep/2025:09:44:20 +0000] - "GET https://clm.sonatype.com/user-telemetry/v1/rte/v1/inapp?p=AP-YFGMCGUNNIFB-2&sv=0.53.0&v=AP-YFGMCGUNNIFB-2-1757929375550-49647461&ai=6b933aba-006b-4c12-b4b5-a0ddc2adfcf4&vt=2&s=AP-YFGMCGUNNIFB-2-1757929375548-37881939&sc=https%3A%2F%2F&ho=obfuscated-rm-base.example.com&pa=%2F&q=&ha=%23browse%2Fwelcome&u=obfuscated-rm-base.example.com%2F%23browse%2Fwelcome&gcx=%7B%22rm_serverVersion%22%3A%223.84.0-03%22%2C%22usertype%22%3A%22anonymous%22%7D&cb=1757929460330-2325 HTTP/1.1" 200 0 - [qtp1838489033-25]
[15/Sep/2025:09:44:23 +0000] - "POST https://clm.sonatype.com/user-telemetry/v1/rte/v2/command?p=AP-YFGMCGUNNIFB-2&et=click HTTP/1.1" 200 0 - [qtp1838489033-28]
[15/Sep/2025:09:44:25 +0000] - "GET https://clm.sonatype.com/user-telemetry/v1/rte/v1/inapp?p=AP-YFGMCGUNNIFB-2&sv=0.53.0&v=AP-YFGMCGUNNIFB-2-1757929375550-49647461&ai=6b933aba-006b-4c12-b4b5-a0ddc2adfcf4&vt=2&s=AP-YFGMCGUNNIFB-2-1757929375548-37881939&sc=https%3A%2F%2F&ho=obfuscated-rm-base.example.com&pa=%2F&q=&ha=%23browse%2Fwelcome&u=obfuscated-rm-base.example.com%2F%23browse%2Fwelcome&gcx=%7B%22rm_serverVersion%22%3A%223.84.0-03%22%2C%22usertype%22%3A%22anonymous%22%7D&cb=1757929464389-1377 HTTP/1.1" 200 0 - [qtp1838489033-29]
[15/Sep/2025:09:44:25 +0000] - "POST https://clm.sonatype.com/user-telemetry/v1/rte/v2/command?p=AP-YFGMCGUNNIFB-2&et=click HTTP/1.1" 200 0 - [qtp1838489033-30]
[15/Sep/2025:09:44:26 +0000] - "GET https://clm.sonatype.com/user-telemetry/v1/rte/v1/inapp?p=AP-YFGMCGUNNIFB-2&sv=0.53.0&v=AP-YFGMCGUNNIFB-2-1757929375550-49647461&ai=6b933aba-006b-4c12-b4b5-a0ddc2adfcf4&vt=2&s=AP-YFGMCGUNNIFB-2-1757929375548-37881939&sc=https%3A%2F%2F&ho=obfuscated-rm-base.example.com&pa=%2F&q=&ha=%23browse%2Fwelcome&u=obfuscated-rm-base.example.com%2F%23browse%2Fwelcome&gcx=%7B%22rm_serverVersion%22%3A%223.84.0-03%22%2C%22usertype%22%3A%22anonymous%22%7D&cb=1757929465755-3829 HTTP/1.1" 200 0 - [qtp1838489033-25]
[15/Sep/2025:09:44:27 +0000] - "POST https://clm.sonatype.com/user-telemetry/v1/rte/v2/command?p=AP-YFGMCGUNNIFB-2&et=click HTTP/1.1" 200 0 - [qtp1838489033-29]
[15/Sep/2025:09:44:28 +0000] - "GET https://clm.sonatype.com/user-telemetry/v1/rte/v1/inapp?p=AP-YFGMCGUNNIFB-2&sv=0.53.0&v=AP-YFGMCGUNNIFB-2-1757929375550-49647461&ai=6b933aba-006b-4c12-b4b5-a0ddc2adfcf4&vt=2&s=AP-YFGMCGUNNIFB-2-1757929375548-37881939&sc=https%3A%2F%2F&ho=obfuscated-rm-base.example.com&pa=%2F&q=&ha=%23browse%2Fwelcome&u=obfuscated-rm-base.example.com%2F%23browse%2Fwelcome&gcx=%7B%22rm_serverVersion%22%3A%223.84.0-03%22%2C%22usertype%22%3A%22anonymous%22%7D&cb=1757929467800-2545 HTTP/1.1" 200 0 - [qtp1838489033-25]
[15/Sep/2025:09:44:57 +0000] - "POST https://clm.sonatype.com/user-telemetry/v1/rte/v2/command?p=AP-YFGMCGUNNIFB-2&et=click HTTP/1.1" 200 0 - [qtp1838489033-25]
[15/Sep/2025:09:44:58 +0000] - "GET https://clm.sonatype.com/user-telemetry/v1/rte/v1/inapp?p=AP-YFGMCGUNNIFB-2&sv=0.53.0&v=AP-YFGMCGUNNIFB-2-1757929375550-49647461&ai=6b933aba-006b-4c12-b4b5-a0ddc2adfcf4&vt=2&s=AP-YFGMCGUNNIFB-2-1757929375548-37881939&sc=https%3A%2F%2F&ho=obfuscated-rm-base.example.com&pa=%2F&q=&ha=%23browse%2Fwelcome&u=obfuscated-rm-base.example.com%2F%23browse%2Fwelcome&gcx=%7B%22rm_serverVersion%22%3A%223.84.0-03%22%2C%22usertype%22%3A%22anonymous%22%7D&cb=1757929497776-5626 HTTP/1.1" 200 0 - [qtp1838489033-29]
[15/Sep/2025:09:45:00 +0000] - "POST https://clm.sonatype.com/user-telemetry/v1/rte/v2/command?p=AP-YFGMCGUNNIFB-2&et=click HTTP/1.1" 200 0 - [qtp1838489033-89]
[15/Sep/2025:09:45:01 +0000] - "GET https://clm.sonatype.com/user-telemetry/v1/rte/v1/inapp?p=AP-YFGMCGUNNIFB-2&sv=0.53.0&v=AP-YFGMCGUNNIFB-2-1757929375550-49647461&ai=6b933aba-006b-4c12-b4b5-a0ddc2adfcf4&vt=2&s=AP-YFGMCGUNNIFB-2-1757929375548-37881939&sc=https%3A%2F%2F&ho=obfuscated-rm-base.example.com&pa=%2F&q=&ha=%23browse%2Fwelcome&u=obfuscated-rm-base.example.com%2F%23browse%2Fwelcome&gcx=%7B%22rm_serverVersion%22%3A%223.84.0-03%22%2C%22usertype%22%3A%22anonymous%22%7D&cb=1757929500800-1928 HTTP/1.1" 200 0 - [qtp1838489033-25]
[15/Sep/2025:09:45:22 +0000] - "POST https://clm.sonatype.com/user-telemetry/v1/rte/v2/command?p=AP-YFGMCGUNNIFB-2&et=click HTTP/1.1" 200 0 - [qtp1838489033-89]
[15/Sep/2025:09:45:22 +0000] - "GET https://clm.sonatype.com/user-telemetry/v1/rte/v1/inapp?p=AP-YFGMCGUNNIFB-2&sv=0.53.0&v=AP-YFGMCGUNNIFB-2-1757929375550-49647461&ai=6b933aba-006b-4c12-b4b5-a0ddc2adfcf4&vt=2&s=AP-YFGMCGUNNIFB-2-1757929375548-37881939&sc=https%3A%2F%2F&ho=obfuscated-rm-base.example.com&pa=%2F&q=&ha=%23browse%2Fwelcome&u=obfuscated-rm-base.example.com%2F%23browse%2Fwelcome&gcx=%7B%22rm_serverVersion%22%3A%223.84.0-03%22%2C%22usertype%22%3A%22anonymous%22%7D&cb=1757929522594-4868 HTTP/1.1" 200 0 - [qtp1838489033-25]
[15/Sep/2025:09:46:17 +0000] - "GET https://clm.sonatype.com/user-telemetry/v1/rte/v1/inapp?p=AP-YFGMCGUNNIFB-2&sv=0.53.0&v=AP-YFGMCGUNNIFB-2-1757929375550-49647461&ai=6b933aba-006b-4c12-b4b5-a0ddc2adfcf4&vt=2&s=AP-YFGMCGUNNIFB-2-1757929375548-37881939&sc=https%3A%2F%2F&ho=obfuscated-rm-base.example.com&pa=%2F&q=&ha=%23browse%2Fwelcome&u=obfuscated-rm-base.example.com%2F%23browse%2Fwelcome&gcx=%7B%22rm_serverVersion%22%3A%223.84.0-03%22%2C%22usertype%22%3A%22anonymous%22%7D&cb=1757929577316-9475 HTTP/1.1" 200 0 - [qtp1838489033-25]
[15/Sep/2025:09:46:18 +0000] - "POST https://clm.sonatype.com/user-telemetry/v1/rte/v2/command?p=AP-YFGMCGUNNIFB-2&et=click HTTP/1.1" 200 0 - [qtp1838489033-29]
[15/Sep/2025:09:46:19 +0000] - "POST https://clm.sonatype.com/user-telemetry/v1/rte/v2/command?p=AP-YFGMCGUNNIFB-2&et=pageview HTTP/1.1" 200 0 - [qtp1838489033-29]
[15/Sep/2025:09:46:19 +0000] - "POST https://clm.sonatype.com/user-telemetry/v1/rte/v2/command?p=AP-YFGMCGUNNIFB-2&et=click HTTP/1.1" 200 0 - [qtp1838489033-89]
[15/Sep/2025:09:46:20 +0000] - "GET https://clm.sonatype.com/user-telemetry/v1/rte/v1/inapp?p=AP-YFGMCGUNNIFB-2&sv=0.53.0&v=AP-YFGMCGUNNIFB-2-1757929375550-49647461&ai=6b933aba-006b-4c12-b4b5-a0ddc2adfcf4&vt=2&s=AP-YFGMCGUNNIFB-2-1757929375548-37881939&sc=https%3A%2F%2F&ho=obfuscated-rm-base.example.com&pa=%2F&q=&ha=%23browse%2Fwelcome&u=obfuscated-rm-base.example.com%2F%23browse%2Fwelcome&gcx=%7B%22rm_serverVersion%22%3A%223.84.0-03%22%2C%22usertype%22%3A%22administrator%22%7D&cb=1757929579244-3359 HTTP/1.1" 200 0 - [qtp1838489033-29]
[15/Sep/2025:09:46:20 +0000] - "GET https://links.sonatype.com/products/nexus/outreach/community/3.84.0-03/en/admin HTTP/1.1" 302 -1 1483 [pool-3-thread-3]
[15/Sep/2025:09:46:21 +0000] - "POST https://clm.sonatype.com/user-telemetry/v1/rte/v2/command?p=AP-YFGMCGUNNIFB-2&et=identify HTTP/1.1" 200 0 - [qtp1838489033-30]
[15/Sep/2025:09:46:21 +0000] - "GET https://clm.sonatype.com/user-telemetry/v1/rte/v2/kc?s=AP-YFGMCGUNNIFB-2-1757929375548-37881939&p=AP-YFGMCGUNNIFB-2 HTTP/1.1" 200 0 - [qtp1838489033-31]
[15/Sep/2025:09:46:21 +0000] - "POST https://clm.sonatype.com/user-telemetry/v1/rte/v2/command?p=AP-YFGMCGUNNIFB-2&et=custom HTTP/1.1" 200 0 - [qtp1838489033-91]
[15/Sep/2025:09:46:22 +0000] - "GET https://download.sonatype.com/nexus/outreach/community-en-all-admin.zip HTTP/1.1" 302 138 1231 [pool-3-thread-3]
[15/Sep/2025:09:46:22 +0000] - "GET https://sonatype-download.global.ssl.fastly.net/nexus/outreach/community-en-all-admin.zip HTTP/1.1" 302 138 378 [pool-3-thread-3]
[15/Sep/2025:09:46:22 +0000] - "GET https://sonatype-download.global.ssl.fastly.net/repository/downloads-prod-group/outreach/A/community-en-all-admin.zip HTTP/1.1" 200 667853 - [pool-3-thread-3]
[15/Sep/2025:09:46:22 +0000] - "GET https://clm.sonatype.com/user-telemetry/v1/rte/v1/inapp?p=AP-YFGMCGUNNIFB-2&sv=0.53.0&v=AP-YFGMCGUNNIFB-2-1757929375550-49647461&ai=6b933aba-006b-4c12-b4b5-a0ddc2adfcf4&vt=2&s=AP-YFGMCGUNNIFB-2-1757929375548-37881939&sc=https%3A%2F%2F&ho=obfuscated-rm-base.example.com&pa=%2F&q=&ha=%23browse%2Fwelcome&u=obfuscated-rm-base.example.com%2F%23browse%2Fwelcome&gcx=%7B%22rm_serverVersion%22%3A%223.84.0-03%22%2C%22usertype%22%3A%22administrator%22%7D&cb=1757929582020-7234 HTTP/1.1" 200 0 - [qtp1838489033-25]
[15/Sep/2025:09:46:23 +0000] - "GET https://clm.sonatype.com/user-telemetry/v1/rte/v2/kc?s=AP-YFGMCGUNNIFB-2-1757929375548-37881939&p=AP-YFGMCGUNNIFB-2 HTTP/1.1" 200 0 - [qtp1838489033-91]
[15/Sep/2025:09:46:24 +0000] - "POST https://clm.sonatype.com/user-telemetry/v1/rte/v2/command?p=AP-YFGMCGUNNIFB-2&et=click HTTP/1.1" 200 0 - [qtp1838489033-30]
[15/Sep/2025:09:46:24 +0000] - "POST https://clm.sonatype.com/user-telemetry/v1/rte/v2/command?p=AP-YFGMCGUNNIFB-2&et=pageview HTTP/1.1" 200 0 - [qtp1838489033-29]
[15/Sep/2025:09:46:25 +0000] - "GET https://clm.sonatype.com/user-telemetry/v1/rte/v1/inapp?p=AP-YFGMCGUNNIFB-2&sv=0.53.0&v=AP-YFGMCGUNNIFB-2-1757929375550-49647461&ai=6b933aba-006b-4c12-b4b5-a0ddc2adfcf4&vt=2&s=AP-YFGMCGUNNIFB-2-1757929375548-37881939&sc=https%3A%2F%2F&ho=obfuscated-rm-base.example.com&pa=%2F&q=&ha=%23browse%2Fwelcome&u=obfuscated-rm-base.example.com%2F%23browse%2Fwelcome&gcx=%7B%22rm_serverVersion%22%3A%223.84.0-03%22%2C%22usertype%22%3A%22administrator%22%7D&cb=1757929584461-9922 HTTP/1.1" 200 0 - [qtp1838489033-25]
[15/Sep/2025:09:46:25 +0000] - "HEAD https://links.sonatype.com/products/nexus/outreach/community/3.84.0-03/en/admin HTTP/1.1" 302 0 471 [pool-3-thread-5]
[15/Sep/2025:09:46:25 +0000] - "HEAD https://download.sonatype.com/nexus/outreach/community-en-all-admin.zip HTTP/1.1" 302 0 323 [pool-3-thread-5]
[15/Sep/2025:09:46:26 +0000] - "HEAD https://sonatype-download.global.ssl.fastly.net/nexus/outreach/community-en-all-admin.zip HTTP/1.1" 302 0 100 [pool-3-thread-5]
[15/Sep/2025:09:46:26 +0000] - "HEAD https://sonatype-download.global.ssl.fastly.net/repository/downloads-prod-group/outreach/A/community-en-all-admin.zip HTTP/1.1" 200 0 - [pool-3-thread-5]
[15/Sep/2025:09:46:37 +0000] - "POST https://clm.sonatype.com/user-telemetry/v1/rte/v2/command?p=AP-YFGMCGUNNIFB-2&et=click HTTP/1.1" 200 0 - [qtp1838489033-31]
[15/Sep/2025:09:46:38 +0000] - "POST https://clm.sonatype.com/user-telemetry/v1/rte/v2/command?p=AP-YFGMCGUNNIFB-2&et=pageview HTTP/1.1" 200 0 - [qtp1838489033-91]
[15/Sep/2025:09:46:38 +0000] - "GET https://clm.sonatype.com/user-telemetry/v1/rte/v1/inapp?p=AP-YFGMCGUNNIFB-2&sv=0.53.0&v=AP-YFGMCGUNNIFB-2-1757929375550-49647461&ai=6b933aba-006b-4c12-b4b5-a0ddc2adfcf4&vt=2&s=AP-YFGMCGUNNIFB-2-1757929375548-37881939&sc=https%3A%2F%2F&ho=obfuscated-rm-base.example.com&pa=%2F&q=&ha=%23browse%2Fwelcome&u=obfuscated-rm-base.example.com%2F%23browse%2Fwelcome&gcx=%7B%22rm_serverVersion%22%3A%223.84.0-03%22%2C%22usertype%22%3A%22administrator%22%7D&cb=1757929598349-6354 HTTP/1.1" 200 0 - [qtp1838489033-24]
[15/Sep/2025:09:46:46 +0000] - "POST https://clm.sonatype.com/user-telemetry/v1/rte/v2/command?p=AP-YFGMCGUNNIFB-2&et=click HTTP/1.1" 200 0 - [qtp1838489033-29]
[15/Sep/2025:09:46:46 +0000] - "GET https://clm.sonatype.com/user-telemetry/v1/rte/v1/inapp?p=AP-YFGMCGUNNIFB-2&sv=0.53.0&v=AP-YFGMCGUNNIFB-2-1757929375550-49647461&ai=6b933aba-006b-4c12-b4b5-a0ddc2adfcf4&vt=2&s=AP-YFGMCGUNNIFB-2-1757929375548-37881939&sc=https%3A%2F%2F&ho=obfuscated-rm-base.example.com&pa=%2F&q=&ha=%23browse%2Fwelcome&u=obfuscated-rm-base.example.com%2F%23browse%2Fwelcome&gcx=%7B%22rm_serverVersion%22%3A%223.84.0-03%22%2C%22usertype%22%3A%22administrator%22%7D&cb=1757929606624-9494 HTTP/1.1" 200 0 - [qtp1838489033-89]
[15/Sep/2025:09:46:48 +0000] - "POST https://clm.sonatype.com/user-telemetry/v1/rte/v2/command?p=AP-YFGMCGUNNIFB-2&et=click HTTP/1.1" 200 0 - [qtp1838489033-29]
[15/Sep/2025:09:46:49 +0000] - "GET https://clm.sonatype.com/user-telemetry/v1/rte/v1/inapp?p=AP-YFGMCGUNNIFB-2&sv=0.53.0&v=AP-YFGMCGUNNIFB-2-1757929375550-49647461&ai=6b933aba-006b-4c12-b4b5-a0ddc2adfcf4&vt=2&s=AP-YFGMCGUNNIFB-2-1757929375548-37881939&sc=https%3A%2F%2F&ho=obfuscated-rm-base.example.com&pa=%2F&q=&ha=%23browse%2Fwelcome&u=obfuscated-rm-base.example.com%2F%23browse%2Fwelcome&gcx=%7B%22rm_serverVersion%22%3A%223.84.0-03%22%2C%22usertype%22%3A%22administrator%22%7D&cb=1757929609193-4752 HTTP/1.1" 200 0 - [qtp1838489033-30]
[15/Sep/2025:09:46:49 +0000] - "POST https://clm.sonatype.com/user-telemetry/v1/rte/v2/command?p=AP-YFGMCGUNNIFB-2&et=pageview HTTP/1.1" 200 0 - [qtp1838489033-91]
[15/Sep/2025:09:46:51 +0000] - "POST https://clm.sonatype.com/user-telemetry/v1/rte/v2/command?p=AP-YFGMCGUNNIFB-2&et=click HTTP/1.1" 200 0 - [qtp1838489033-31]
[15/Sep/2025:09:46:51 +0000] - "POST https://clm.sonatype.com/user-telemetry/v1/rte/v2/command?p=AP-YFGMCGUNNIFB-2&et=pageview HTTP/1.1" 200 0 - [qtp1838489033-29]
[15/Sep/2025:09:46:51 +0000] - "GET https://clm.sonatype.com/user-telemetry/v1/rte/v1/inapp?p=AP-YFGMCGUNNIFB-2&sv=0.53.0&v=AP-YFGMCGUNNIFB-2-1757929375550-49647461&ai=6b933aba-006b-4c12-b4b5-a0ddc2adfcf4&vt=2&s=AP-YFGMCGUNNIFB-2-1757929375548-37881939&sc=https%3A%2F%2F&ho=obfuscated-rm-base.example.com&pa=%2F&q=&ha=%23browse%2Fwelcome&u=obfuscated-rm-base.example.com%2F%23browse%2Fwelcome&gcx=%7B%22rm_serverVersion%22%3A%223.84.0-03%22%2C%22usertype%22%3A%22administrator%22%7D&cb=1757929611609-1543 HTTP/1.1" 200 0 - [qtp1838489033-24]
[15/Sep/2025:09:47:04 +0000] - "POST https://clm.sonatype.com/user-telemetry/v1/rte/v2/command?p=AP-YFGMCGUNNIFB-2&et=click HTTP/1.1" 200 0 - [qtp1838489033-91]
[15/Sep/2025:09:47:04 +0000] - "GET https://clm.sonatype.com/user-telemetry/v1/rte/v1/inapp?p=AP-YFGMCGUNNIFB-2&sv=0.53.0&v=AP-YFGMCGUNNIFB-2-1757929375550-49647461&ai=6b933aba-006b-4c12-b4b5-a0ddc2adfcf4&vt=2&s=AP-YFGMCGUNNIFB-2-1757929375548-37881939&sc=https%3A%2F%2F&ho=obfuscated-rm-base.example.com&pa=%2F&q=&ha=%23browse%2Fwelcome&u=obfuscated-rm-base.example.com%2F%23browse%2Fwelcome&gcx=%7B%22rm_serverVersion%22%3A%223.84.0-03%22%2C%22usertype%22%3A%22administrator%22%7D&cb=1757929623846-4922 HTTP/1.1" 200 0 - [qtp1838489033-89]
[15/Sep/2025:09:47:05 +0000] - "POST https://clm.sonatype.com/user-telemetry/v1/rte/v2/command?p=AP-YFGMCGUNNIFB-2&et=pageview HTTP/1.1" 200 0 - [qtp1838489033-91]
[15/Sep/2025:09:47:05 +0000] - "POST https://clm.sonatype.com/user-telemetry/v1/rte/v2/command?p=AP-YFGMCGUNNIFB-2&et=click HTTP/1.1" 200 0 - [qtp1838489033-29]
[15/Sep/2025:09:47:05 +0000] - "GET https://clm.sonatype.com/user-telemetry/v1/rte/v1/inapp?p=AP-YFGMCGUNNIFB-2&sv=0.53.0&v=AP-YFGMCGUNNIFB-2-1757929375550-49647461&ai=6b933aba-006b-4c12-b4b5-a0ddc2adfcf4&vt=2&s=AP-YFGMCGUNNIFB-2-1757929375548-37881939&sc=https%3A%2F%2F&ho=obfuscated-rm-base.example.com&pa=%2F&q=&ha=%23browse%2Fwelcome&u=obfuscated-rm-base.example.com%2F%23browse%2Fwelcome&gcx=%7B%22rm_serverVersion%22%3A%223.84.0-03%22%2C%22usertype%22%3A%22administrator%22%7D&cb=1757929625387-5723 HTTP/1.1" 200 0 - [qtp1838489033-31]
[15/Sep/2025:09:47:06 +0000] - "POST https://clm.sonatype.com/user-telemetry/v1/rte/v2/command?p=AP-YFGMCGUNNIFB-2&et=click HTTP/1.1" 200 0 - [qtp1838489033-91]
[15/Sep/2025:09:47:07 +0000] - "POST https://clm.sonatype.com/user-telemetry/v1/rte/v2/command?p=AP-YFGMCGUNNIFB-2&et=pageview HTTP/1.1" 200 0 - [qtp1838489033-89]
[15/Sep/2025:09:47:07 +0000] - "GET https://clm.sonatype.com/user-telemetry/v1/rte/v1/inapp?p=AP-YFGMCGUNNIFB-2&sv=0.53.0&v=AP-YFGMCGUNNIFB-2-1757929375550-49647461&ai=6b933aba-006b-4c12-b4b5-a0ddc2adfcf4&vt=2&s=AP-YFGMCGUNNIFB-2-1757929375548-37881939&sc=https%3A%2F%2F&ho=obfuscated-rm-base.example.com&pa=%2F&q=&ha=%23browse%2Fwelcome&u=obfuscated-rm-base.example.com%2F%23browse%2Fwelcome&gcx=%7B%22rm_serverVersion%22%3A%223.84.0-03%22%2C%22usertype%22%3A%22administrator%22%7D&cb=1757929627526-7151 HTTP/1.1" 200 0 - [qtp1838489033-29]
[15/Sep/2025:09:47:25 +0000] - "POST https://clm.sonatype.com/user-telemetry/v1/rte/v2/command?p=AP-YFGMCGUNNIFB-2&et=click HTTP/1.1" 200 0 - [qtp1838489033-29]
[15/Sep/2025:09:47:25 +0000] - "GET https://clm.sonatype.com/user-telemetry/v1/rte/v1/inapp?p=AP-YFGMCGUNNIFB-2&sv=0.53.0&v=AP-YFGMCGUNNIFB-2-1757929375550-49647461&ai=6b933aba-006b-4c12-b4b5-a0ddc2adfcf4&vt=2&s=AP-YFGMCGUNNIFB-2-1757929375548-37881939&sc=https%3A%2F%2F&ho=obfuscated-rm-base.example.com&pa=%2F&q=&ha=%23browse%2Fwelcome&u=obfuscated-rm-base.example.com%2F%23browse%2Fwelcome&gcx=%7B%22rm_serverVersion%22%3A%223.84.0-03%22%2C%22usertype%22%3A%22administrator%22%7D&cb=1757929645389-2814 HTTP/1.1" 200 0 - [qtp1838489033-30]
[15/Sep/2025:09:47:54 +0000] - "GET https://clm.sonatype.com/user-telemetry/v1/rte/api/v1/feature/client?p=AP-YFGMCGUNNIFB-2&sv=0.53.0&v=AP-YFGMCGUNNIFB-2-1757929375550-49647461&ai=6b933aba-006b-4c12-b4b5-a0ddc2adfcf4&vt=2&s=AP-YFGMCGUNNIFB-2-1757929375548-37881939&wsv=0.53.0&cb=1757929673517-6784 HTTP/1.1" 200 41332 - [qtp1838489033-91]
[15/Sep/2025:09:48:37 +0000] - "POST https://clm.sonatype.com/user-telemetry/v1/rte/v2/command?p=AP-YFGMCGUNNIFB-2&et=click HTTP/1.1" 200 0 - [qtp1838489033-31]
[15/Sep/2025:09:48:38 +0000] - "GET https://clm.sonatype.com/user-telemetry/v1/rte/v1/inapp?p=AP-YFGMCGUNNIFB-2&sv=0.53.0&v=AP-YFGMCGUNNIFB-2-1757929375550-49647461&ai=6b933aba-006b-4c12-b4b5-a0ddc2adfcf4&vt=2&s=AP-YFGMCGUNNIFB-2-1757929375548-37881939&sc=https%3A%2F%2F&ho=obfuscated-rm-base.example.com&pa=%2F&q=&ha=%23browse%2Fwelcome&u=obfuscated-rm-base.example.com%2F%23browse%2Fwelcome&gcx=%7B%22rm_serverVersion%22%3A%223.84.0-03%22%2C%22usertype%22%3A%22administrator%22%7D&cb=1757929717094-6399 HTTP/1.1" 200 0 - [qtp1838489033-89]
[15/Sep/2025:09:48:49 +0000] - "POST https://clm.sonatype.com/user-telemetry/v1/rte/v2/command?p=AP-YFGMCGUNNIFB-2&et=click HTTP/1.1" 200 0 - [qtp1838489033-91]
[15/Sep/2025:09:48:49 +0000] - "POST https://clm.sonatype.com/user-telemetry/v1/rte/v2/command?p=AP-YFGMCGUNNIFB-2&et=pageview HTTP/1.1" 200 0 - [qtp1838489033-89]
[15/Sep/2025:09:48:50 +0000] - "GET https://clm.sonatype.com/user-telemetry/v1/rte/v1/inapp?p=AP-YFGMCGUNNIFB-2&sv=0.53.0&v=AP-YFGMCGUNNIFB-2-1757929375550-49647461&ai=6b933aba-006b-4c12-b4b5-a0ddc2adfcf4&vt=2&s=AP-YFGMCGUNNIFB-2-1757929375548-37881939&sc=https%3A%2F%2F&ho=obfuscated-rm-base.example.com&pa=%2F&q=&ha=%23browse%2Fwelcome&u=obfuscated-rm-base.example.com%2F%23browse%2Fwelcome&gcx=%7B%22rm_serverVersion%22%3A%223.84.0-03%22%2C%22usertype%22%3A%22administrator%22%7D&cb=1757929729296-5279 HTTP/1.1" 200 0 - [qtp1838489033-91]
[15/Sep/2025:09:48:51 +0000] - "POST https://clm.sonatype.com/user-telemetry/v1/rte/v2/command?p=AP-YFGMCGUNNIFB-2&et=linkClick HTTP/1.1" 200 0 - [qtp1838489033-29]
[15/Sep/2025:09:49:39 +0000] - "GET https://clm.sonatype.com/user-telemetry/v1/rte/v1/inapp?p=AP-YFGMCGUNNIFB-2&sv=0.53.0&v=AP-YFGMCGUNNIFB-2-1757929375550-49647461&ai=6b933aba-006b-4c12-b4b5-a0ddc2adfcf4&vt=2&s=AP-YFGMCGUNNIFB-2-1757929375548-37881939&sc=https%3A%2F%2F&ho=obfuscated-rm-base.example.com&pa=%2F&q=&ha=%23browse%2Fsearch%2Fgeneric%3Dkeyword%3Dmaven2&u=obfuscated-rm-base.example.com%2F%23browse%2Fsearch%2Fgeneric%3Dkeyword%3Dmaven2&gcx=%7B%22rm_serverVersion%22%3A%223.84.0-03%22%2C%22usertype%22%3A%22administrator%22%7D&cb=1757929779442-9447 HTTP/1.1" 200 0 - [qtp1838489033-99]
[15/Sep/2025:09:49:39 +0000] - "POST https://clm.sonatype.com/user-telemetry/v1/rte/v2/command?p=AP-YFGMCGUNNIFB-2&et=pageview HTTP/1.1" 200 0 - [qtp1838489033-31]
[15/Sep/2025:09:49:39 +0000] - "POST https://clm.sonatype.com/user-telemetry/v1/rte/v2/command?p=AP-YFGMCGUNNIFB-2&et=custom HTTP/1.1" 200 0 - [qtp1838489033-89]
[15/Sep/2025:09:49:41 +0000] - "GET https://clm.sonatype.com/user-telemetry/v1/rte/v1/inapp?p=AP-YFGMCGUNNIFB-2&sv=0.53.0&v=AP-YFGMCGUNNIFB-2-1757929375550-49647461&ai=6b933aba-006b-4c12-b4b5-a0ddc2adfcf4&vt=2&s=AP-YFGMCGUNNIFB-2-1757929375548-37881939&sc=https%3A%2F%2F&ho=obfuscated-rm-base.example.com&pa=%2F&q=&ha=%23browse%2Fsearch%2Fgeneric%3Dkeyword%3Dmaven2&u=obfuscated-rm-base.example.com%2F%23browse%2Fsearch%2Fgeneric%3Dkeyword%3Dmaven2&gcx=%7B%22rm_serverVersion%22%3A%223.84.0-03%22%2C%22usertype%22%3A%22administrator%22%7D&cb=1757929780374-3933 HTTP/1.1" 200 0 - [qtp1838489033-29]
[15/Sep/2025:09:49:43 +0000] - "POST https://clm.sonatype.com/user-telemetry/v1/rte/v2/command?p=AP-YFGMCGUNNIFB-2&et=click HTTP/1.1" 200 0 - [qtp1838489033-29]
[15/Sep/2025:09:49:43 +0000] - "POST https://clm.sonatype.com/user-telemetry/v1/rte/v2/command?p=AP-YFGMCGUNNIFB-2&et=pageview HTTP/1.1" 200 0 - [qtp1838489033-31]
[15/Sep/2025:09:49:44 +0000] - "GET https://clm.sonatype.com/user-telemetry/v1/rte/v1/inapp?p=AP-YFGMCGUNNIFB-2&sv=0.53.0&v=AP-YFGMCGUNNIFB-2-1757929375550-49647461&ai=6b933aba-006b-4c12-b4b5-a0ddc2adfcf4&vt=2&s=AP-YFGMCGUNNIFB-2-1757929375548-37881939&sc=https%3A%2F%2F&ho=obfuscated-rm-base.example.com&pa=%2F&q=&ha=%23browse%2Fsearch%2Fgeneric%3Dkeyword%3Dmaven2&u=obfuscated-rm-base.example.com%2F%23browse%2Fsearch%2Fgeneric%3Dkeyword%3Dmaven2&gcx=%7B%22rm_serverVersion%22%3A%223.84.0-03%22%2C%22usertype%22%3A%22administrator%22%7D&cb=1757929783564-4335 HTTP/1.1" 200 0 - [qtp1838489033-89]
[15/Sep/2025:09:49:45 +0000] - "POST https://clm.sonatype.com/user-telemetry/v1/rte/v2/command?p=AP-YFGMCGUNNIFB-2&et=click HTTP/1.1" 200 0 - [qtp1838489033-29]
[15/Sep/2025:09:49:46 +0000] - "GET https://clm.sonatype.com/user-telemetry/v1/rte/v1/inapp?p=AP-YFGMCGUNNIFB-2&sv=0.53.0&v=AP-YFGMCGUNNIFB-2-1757929375550-49647461&ai=6b933aba-006b-4c12-b4b5-a0ddc2adfcf4&vt=2&s=AP-YFGMCGUNNIFB-2-1757929375548-37881939&sc=https%3A%2F%2F&ho=obfuscated-rm-base.example.com&pa=%2F&q=&ha=%23browse%2Fsearch%2Fgeneric%3Dkeyword%3Dmaven2&u=obfuscated-rm-base.example.com%2F%23browse%2Fsearch%2Fgeneric%3Dkeyword%3Dmaven2&gcx=%7B%22rm_serverVersion%22%3A%223.84.0-03%22%2C%22usertype%22%3A%22administrator%22%7D&cb=1757929785699-1556 HTTP/1.1" 200 0 - [qtp1838489033-91]
[15/Sep/2025:09:49:46 +0000] - "POST https://clm.sonatype.com/user-telemetry/v1/rte/v2/command?p=AP-YFGMCGUNNIFB-2&et=click HTTP/1.1" 200 0 - [qtp1838489033-89]
[15/Sep/2025:09:49:47 +0000] - "GET https://clm.sonatype.com/user-telemetry/v1/rte/v1/inapp?p=AP-YFGMCGUNNIFB-2&sv=0.53.0&v=AP-YFGMCGUNNIFB-2-1757929375550-49647461&ai=6b933aba-006b-4c12-b4b5-a0ddc2adfcf4&vt=2&s=AP-YFGMCGUNNIFB-2-1757929375548-37881939&sc=https%3A%2F%2F&ho=obfuscated-rm-base.example.com&pa=%2F&q=&ha=%23browse%2Fsearch%2Fgeneric%3Dkeyword%3Dmaven2&u=obfuscated-rm-base.example.com%2F%23browse%2Fsearch%2Fgeneric%3Dkeyword%3Dmaven2&gcx=%7B%22rm_serverVersion%22%3A%223.84.0-03%22%2C%22usertype%22%3A%22administrator%22%7D&cb=1757929787114-7743 HTTP/1.1" 200 0 - [qtp1838489033-29]
[15/Sep/2025:09:49:49 +0000] - "POST https://clm.sonatype.com/user-telemetry/v1/rte/v2/command?p=AP-YFGMCGUNNIFB-2&et=pageview HTTP/1.1" 200 0 - [qtp1838489033-31]
[15/Sep/2025:09:49:49 +0000] - "POST https://clm.sonatype.com/user-telemetry/v1/rte/v2/command?p=AP-YFGMCGUNNIFB-2&et=linkClick HTTP/1.1" 200 0 - [qtp1838489033-89]
[15/Sep/2025:09:49:49 +0000] - "POST https://clm.sonatype.com/user-telemetry/v1/rte/v2/command?p=AP-YFGMCGUNNIFB-2&et=pageview HTTP/1.1" 200 0 - [qtp1838489033-91]
[15/Sep/2025:09:49:49 +0000] - "POST https://clm.sonatype.com/user-telemetry/v1/rte/v2/command?p=AP-YFGMCGUNNIFB-2&et=custom HTTP/1.1" 200 0 - [qtp1838489033-30]
[15/Sep/2025:09:49:49 +0000] - "POST https://clm.sonatype.com/user-telemetry/v1/rte/v2/command?p=AP-YFGMCGUNNIFB-2&et=pageview HTTP/1.1" 200 0 - [qtp1838489033-91]
[15/Sep/2025:09:49:49 +0000] - "POST https://clm.sonatype.com/user-telemetry/v1/rte/v2/command?p=AP-YFGMCGUNNIFB-2&et=linkClick HTTP/1.1" 200 0 - [qtp1838489033-24]
[15/Sep/2025:09:49:50 +0000] - "POST https://clm.sonatype.com/user-telemetry/v1/rte/v2/command?p=AP-YFGMCGUNNIFB-2&et=pageview HTTP/1.1" 200 0 - [qtp1838489033-29]
[15/Sep/2025:09:49:50 +0000] - "POST https://clm.sonatype.com/user-telemetry/v1/rte/v2/command?p=AP-YFGMCGUNNIFB-2&et=custom HTTP/1.1" 200 0 - [qtp1838489033-30]
[15/Sep/2025:09:49:51 +0000] - "GET https://clm.sonatype.com/user-telemetry/v1/rte/v1/inapp?p=AP-YFGMCGUNNIFB-2&sv=0.53.0&v=AP-YFGMCGUNNIFB-2-1757929375550-49647461&ai=6b933aba-006b-4c12-b4b5-a0ddc2adfcf4&vt=2&s=AP-YFGMCGUNNIFB-2-1757929375548-37881939&sc=https%3A%2F%2F&ho=obfuscated-rm-base.example.com&pa=%2F&q=&ha=%23browse%2Fsearch%2Fmaven%2F&u=obfuscated-rm-base.example.com%2F%23browse%2Fsearch%2Fmaven%2F&gcx=%7B%22rm_serverVersion%22%3A%223.84.0-03%22%2C%22usertype%22%3A%22administrator%22%7D&cb=1757929790750-8776 HTTP/1.1" 200 0 - [qtp1838489033-89]
[15/Sep/2025:09:49:54 +0000] - "POST https://clm.sonatype.com/user-telemetry/v1/rte/v2/command?p=AP-YFGMCGUNNIFB-2&et=linkClick HTTP/1.1" 200 0 - [qtp1838489033-91]
[15/Sep/2025:09:52:54 +0000] - "GET https://clm.sonatype.com/user-telemetry/v1/rte/v1/configuration/AP-YFGMCGUNNIFB-2?ai=6b933aba-006b-4c12-b4b5-a0ddc2adfcf4 HTTP/1.1" 200 2146 - [qtp1838489033-91]
[15/Sep/2025:09:52:55 +0000] - "GET https://clm.sonatype.com/user-telemetry/v1/rte/v2/kc?s=AP-YFGMCGUNNIFB-2-1757929375548-37881939&p=AP-YFGMCGUNNIFB-2 HTTP/1.1" 200 0 - [qtp1838489033-31]
[15/Sep/2025:09:52:55 +0000] - "GET https://clm.sonatype.com/user-telemetry/v1/rte/api/v1/feature/client?p=AP-YFGMCGUNNIFB-2&sv=0.53.0&v=AP-YFGMCGUNNIFB-2-1757929375550-49647461&ai=6b933aba-006b-4c12-b4b5-a0ddc2adfcf4&vt=2&s=AP-YFGMCGUNNIFB-2-1757929375548-37881939&wsv=0.53.0&cb=1757929974187-3214 HTTP/1.1" 200 41332 - [qtp1838489033-29]
[15/Sep/2025:09:57:54 +0000] - "GET https://clm.sonatype.com/user-telemetry/v1/rte/api/v1/feature/client?p=AP-YFGMCGUNNIFB-2&sv=0.53.0&v=AP-YFGMCGUNNIFB-2-1757929375550-49647461&ai=6b933aba-006b-4c12-b4b5-a0ddc2adfcf4&vt=2&s=AP-YFGMCGUNNIFB-2-1757929375548-37881939&wsv=0.53.0&cb=1757930274178-5669 HTTP/1.1" 200 41332 - [qtp1838489033-31]
[15/Sep/2025:10:02:54 +0000] - "GET https://clm.sonatype.com/user-telemetry/v1/rte/v1/configuration/AP-YFGMCGUNNIFB-2?ai=6b933aba-006b-4c12-b4b5-a0ddc2adfcf4 HTTP/1.1" 200 2146 - [qtp1838489033-100]
[15/Sep/2025:10:02:54 +0000] - "GET https://clm.sonatype.com/user-telemetry/v1/rte/api/v1/feature/client?p=AP-YFGMCGUNNIFB-2&sv=0.53.0&v=AP-YFGMCGUNNIFB-2-1757929375550-49647461&ai=6b933aba-006b-4c12-b4b5-a0ddc2adfcf4&vt=2&s=AP-YFGMCGUNNIFB-2-1757929375548-37881939&wsv=0.53.0&cb=1757930574179-1287 HTTP/1.1" 200 41332 - [qtp1838489033-89]
[15/Sep/2025:10:02:55 +0000] - "GET https://clm.sonatype.com/user-telemetry/v1/rte/v2/kc?s=AP-YFGMCGUNNIFB-2-1757929375548-37881939&p=AP-YFGMCGUNNIFB-2 HTTP/1.1" 200 0 - [qtp1838489033-24]
[15/Sep/2025:10:07:55 +0000] - "GET https://clm.sonatype.com/user-telemetry/v1/rte/api/v1/feature/client?p=AP-YFGMCGUNNIFB-2&sv=0.53.0&v=AP-YFGMCGUNNIFB-2-1757929375550-49647461&ai=6b933aba-006b-4c12-b4b5-a0ddc2adfcf4&vt=2&s=AP-YFGMCGUNNIFB-2-1757929375548-37881939&wsv=0.53.0&cb=1757930874183-5769 HTTP/1.1" 200 41332 - [qtp1838489033-100]
[15/Sep/2025:10:12:54 +0000] - "GET https://clm.sonatype.com/user-telemetry/v1/rte/v1/configuration/AP-YFGMCGUNNIFB-2?ai=6b933aba-006b-4c12-b4b5-a0ddc2adfcf4 HTTP/1.1" 200 2146 - [qtp1838489033-100]
[15/Sep/2025:10:12:55 +0000] - "GET https://clm.sonatype.com/user-telemetry/v1/rte/api/v1/feature/client?p=AP-YFGMCGUNNIFB-2&sv=0.53.0&v=AP-YFGMCGUNNIFB-2-1757929375550-49647461&ai=6b933aba-006b-4c12-b4b5-a0ddc2adfcf4&vt=2&s=AP-YFGMCGUNNIFB-2-1757929375548-37881939&wsv=0.53.0&cb=1757931174225-9224 HTTP/1.1" 200 41332 - [qtp1838489033-91]
[15/Sep/2025:10:12:56 +0000] - "GET https://clm.sonatype.com/user-telemetry/v1/rte/v2/kc?s=AP-YFGMCGUNNIFB-2-1757929375548-37881939&p=AP-YFGMCGUNNIFB-2 HTTP/1.1" 200 0 - [qtp1838489033-24]
[15/Sep/2025:10:17:54 +0000] - "GET https://clm.sonatype.com/user-telemetry/v1/rte/api/v1/feature/client?p=AP-YFGMCGUNNIFB-2&sv=0.53.0&v=AP-YFGMCGUNNIFB-2-1757929375550-49647461&ai=6b933aba-006b-4c12-b4b5-a0ddc2adfcf4&vt=2&s=AP-YFGMCGUNNIFB-2-1757929375548-37881939&wsv=0.53.0&cb=1757931473520-3258 HTTP/1.1" 200 41332 - [qtp1838489033-24]
[15/Sep/2025:10:22:54 +0000] - "GET https://clm.sonatype.com/user-telemetry/v1/rte/v1/configuration/AP-YFGMCGUNNIFB-2?ai=6b933aba-006b-4c12-b4b5-a0ddc2adfcf4 HTTP/1.1" 200 2146 - [qtp1838489033-25]
[15/Sep/2025:10:22:55 +0000] - "GET https://clm.sonatype.com/user-telemetry/v1/rte/v2/kc?s=AP-YFGMCGUNNIFB-2-1757929375548-37881939&p=AP-YFGMCGUNNIFB-2 HTTP/1.1" 200 0 - [qtp1838489033-29]
[15/Sep/2025:10:23:29 +0000] - "GET https://clm.sonatype.com/user-telemetry/v1/rte/api/v1/feature/client?p=AP-YFGMCGUNNIFB-2&sv=0.53.0&v=AP-YFGMCGUNNIFB-2-1757929375550-49647461&ai=6b933aba-006b-4c12-b4b5-a0ddc2adfcf4&vt=2&s=AP-YFGMCGUNNIFB-2-1757929375548-37881939&wsv=0.53.0&cb=1757931808286-3839 HTTP/1.1" 200 41332 - [qtp1838489033-24]
[15/Sep/2025:10:28:29 +0000] - "GET https://clm.sonatype.com/user-telemetry/v1/rte/api/v1/feature/client?p=AP-YFGMCGUNNIFB-2&sv=0.53.0&v=AP-YFGMCGUNNIFB-2-1757929375550-49647461&ai=6b933aba-006b-4c12-b4b5-a0ddc2adfcf4&vt=2&s=AP-YFGMCGUNNIFB-2-1757929375548-37881939&wsv=0.53.0&cb=1757932108189-2252 HTTP/1.1" 200 41332 - [qtp1838489033-141]
[15/Sep/2025:10:32:53 +0000] - "GET https://clm.sonatype.com/user-telemetry/v1/rte/v1/configuration/AP-YFGMCGUNNIFB-2?ai=6b933aba-006b-4c12-b4b5-a0ddc2adfcf4 HTTP/1.1" 200 2146 - [qtp1838489033-100]
[15/Sep/2025:10:32:54 +0000] - "GET https://clm.sonatype.com/user-telemetry/v1/rte/v2/kc?s=AP-YFGMCGUNNIFB-2-1757929375548-37881939&p=AP-YFGMCGUNNIFB-2 HTTP/1.1" 200 0 - [qtp1838489033-24]
[15/Sep/2025:10:33:29 +0000] - "GET https://clm.sonatype.com/user-telemetry/v1/rte/api/v1/feature/client?p=AP-YFGMCGUNNIFB-2&sv=0.53.0&v=AP-YFGMCGUNNIFB-2-1757929375550-49647461&ai=6b933aba-006b-4c12-b4b5-a0ddc2adfcf4&vt=2&s=AP-YFGMCGUNNIFB-2-1757929375548-37881939&wsv=0.53.0&cb=1757932408183-5731 HTTP/1.1" 200 41332 - [qtp1838489033-25]
[15/Sep/2025:10:38:01 +0000] - "GET https://clm.sonatype.com/user-telemetry/v1/rte/api/v1/feature/client?p=AP-YFGMCGUNNIFB-2&sv=0.53.0&v=AP-YFGMCGUNNIFB-2-1757929375550-49647461&ai=6b933aba-006b-4c12-b4b5-a0ddc2adfcf4&vt=2&s=AP-YFGMCGUNNIFB-2-1757929375548-37881939&wsv=0.53.0&cb=1757932680377-9298 HTTP/1.1" 200 41332 - [qtp1838489033-100]
[15/Sep/2025:10:42:54 +0000] - "GET https://clm.sonatype.com/user-telemetry/v1/rte/v1/configuration/AP-YFGMCGUNNIFB-2?ai=6b933aba-006b-4c12-b4b5-a0ddc2adfcf4 HTTP/1.1" 200 2146 - [qtp1838489033-24]
[15/Sep/2025:10:42:54 +0000] - "GET https://clm.sonatype.com/user-telemetry/v1/rte/v2/kc?s=AP-YFGMCGUNNIFB-2-1757929375548-37881939&p=AP-YFGMCGUNNIFB-2 HTTP/1.1" 200 0 - [qtp1838489033-100]
[15/Sep/2025:10:42:54 +0000] - "GET https://clm.sonatype.com/user-telemetry/v1/rte/api/v1/feature/client?p=AP-YFGMCGUNNIFB-2&sv=0.53.0&v=AP-YFGMCGUNNIFB-2-1757929375550-49647461&ai=6b933aba-006b-4c12-b4b5-a0ddc2adfcf4&vt=2&s=AP-YFGMCGUNNIFB-2-1757929375548-37881939&wsv=0.53.0&cb=1757932974185-8651 HTTP/1.1" 200 41332 - [qtp1838489033-25]
[15/Sep/2025:10:48:29 +0000] - "GET https://clm.sonatype.com/user-telemetry/v1/rte/api/v1/feature/client?p=AP-YFGMCGUNNIFB-2&sv=0.53.0&v=AP-YFGMCGUNNIFB-2-1757929375550-49647461&ai=6b933aba-006b-4c12-b4b5-a0ddc2adfcf4&vt=2&s=AP-YFGMCGUNNIFB-2-1757929375548-37881939&wsv=0.53.0&cb=1757933308184-9555 HTTP/1.1" 200 41332 - [qtp1838489033-25]
[15/Sep/2025:10:53:39 +0000] - "GET https://clm.sonatype.com/user-telemetry/v1/rte/api/v1/feature/client?p=AP-YFGMCGUNNIFB-2&sv=0.53.0&v=AP-YFGMCGUNNIFB-2-1757929375550-49647461&ai=6b933aba-006b-4c12-b4b5-a0ddc2adfcf4&vt=2&s=AP-YFGMCGUNNIFB-2-1757929375548-37881939&wsv=0.53.0&cb=1757933608180-8452 HTTP/1.1" 200 41332 - [qtp1838489033-29]
[15/Sep/2025:10:53:39 +0000] - "GET https://clm.sonatype.com/user-telemetry/v1/rte/v1/configuration/AP-YFGMCGUNNIFB-2?ai=6b933aba-006b-4c12-b4b5-a0ddc2adfcf4 HTTP/1.1" 200 2146 - [qtp1838489033-24]
[15/Sep/2025:10:53:39 +0000] - "GET https://clm.sonatype.com/user-telemetry/v1/rte/v2/kc?s=AP-YFGMCGUNNIFB-2-1757929375548-37881939&p=AP-YFGMCGUNNIFB-2 HTTP/1.1" 200 0 - [qtp1838489033-91]
[15/Sep/2025:10:58:22 +0000] - "GET https://clm.sonatype.com/user-telemetry/v1/rte/api/v1/feature/client?p=AP-YFGMCGUNNIFB-2&sv=0.53.0&v=AP-YFGMCGUNNIFB-2-1757929375550-49647461&ai=6b933aba-006b-4c12-b4b5-a0ddc2adfcf4&vt=2&s=AP-YFGMCGUNNIFB-2-1757929375548-37881939&wsv=0.53.0&cb=1757933901062-8142 HTTP/1.1" 200 41332 - [qtp1838489033-89]
[15/Sep/2025:11:02:54 +0000] - "GET https://clm.sonatype.com/user-telemetry/v1/rte/v1/configuration/AP-YFGMCGUNNIFB-2?ai=6b933aba-006b-4c12-b4b5-a0ddc2adfcf4 HTTP/1.1" 200 2146 - [qtp1838489033-29]
[15/Sep/2025:11:02:55 +0000] - "GET https://clm.sonatype.com/user-telemetry/v1/rte/v2/kc?s=AP-YFGMCGUNNIFB-2-1757929375548-37881939&p=AP-YFGMCGUNNIFB-2 HTTP/1.1" 200 0 - [qtp1838489033-100]
[15/Sep/2025:11:02:55 +0000] - "GET https://clm.sonatype.com/user-telemetry/v1/rte/api/v1/feature/client?p=AP-YFGMCGUNNIFB-2&sv=0.53.0&v=AP-YFGMCGUNNIFB-2-1757929375550-49647461&ai=6b933aba-006b-4c12-b4b5-a0ddc2adfcf4&vt=2&s=AP-YFGMCGUNNIFB-2-1757929375548-37881939&wsv=0.53.0&cb=1757934174180-9129 HTTP/1.1" 200 41332 - [qtp1838489033-141]
[15/Sep/2025:11:12:28 +0000] - "GET https://clm.sonatype.com/user-telemetry/v1/rte/api/v1/feature/client?p=AP-YFGMCGUNNIFB-2&sv=0.53.0&v=AP-YFGMCGUNNIFB-2-1757929375550-49647461&ai=6b933aba-006b-4c12-b4b5-a0ddc2adfcf4&vt=2&s=AP-YFGMCGUNNIFB-2-1757929375548-37881939&wsv=0.53.0&cb=1757934748192-8866 HTTP/1.1" 200 41332 - [qtp1838489033-89]
[15/Sep/2025:11:12:53 +0000] - "GET https://clm.sonatype.com/user-telemetry/v1/rte/v1/configuration/AP-YFGMCGUNNIFB-2?ai=6b933aba-006b-4c12-b4b5-a0ddc2adfcf4 HTTP/1.1" 200 2146 - [qtp1838489033-29]
[15/Sep/2025:11:12:54 +0000] - "GET https://clm.sonatype.com/user-telemetry/v1/rte/v2/kc?s=AP-YFGMCGUNNIFB-2-1757929375548-37881939&p=AP-YFGMCGUNNIFB-2 HTTP/1.1" 200 0 - [qtp1838489033-141]
[15/Sep/2025:11:12:54 +0000] - "GET https://clm.sonatype.com/user-telemetry/v1/rte/api/v1/feature/client?p=AP-YFGMCGUNNIFB-2&sv=0.53.0&v=AP-YFGMCGUNNIFB-2-1757929375550-49647461&ai=6b933aba-006b-4c12-b4b5-a0ddc2adfcf4&vt=2&s=AP-YFGMCGUNNIFB-2-1757929375548-37881939&wsv=0.53.0&cb=1757934773523-3936 HTTP/1.1" 200 41332 - [qtp1838489033-89]
[15/Sep/2025:11:17:54 +0000] - "GET https://clm.sonatype.com/user-telemetry/v1/rte/api/v1/feature/client?p=AP-YFGMCGUNNIFB-2&sv=0.53.0&v=AP-YFGMCGUNNIFB-2-1757929375550-49647461&ai=6b933aba-006b-4c12-b4b5-a0ddc2adfcf4&vt=2&s=AP-YFGMCGUNNIFB-2-1757929375548-37881939&wsv=0.53.0&cb=1757935073526-5671 HTTP/1.1" 200 41332 - [qtp1838489033-25]
[15/Sep/2025:11:23:28 +0000] - "GET https://clm.sonatype.com/user-telemetry/v1/rte/api/v1/feature/client?p=AP-YFGMCGUNNIFB-2&sv=0.53.0&v=AP-YFGMCGUNNIFB-2-1757929375550-49647461&ai=6b933aba-006b-4c12-b4b5-a0ddc2adfcf4&vt=2&s=AP-YFGMCGUNNIFB-2-1757929375548-37881939&wsv=0.53.0&cb=1757935408188-8423 HTTP/1.1" 200 41332 - [qtp1838489033-141]
[15/Sep/2025:11:23:29 +0000] - "GET https://clm.sonatype.com/user-telemetry/v1/rte/v1/configuration/AP-YFGMCGUNNIFB-2?ai=6b933aba-006b-4c12-b4b5-a0ddc2adfcf4 HTTP/1.1" 200 2146 - [qtp1838489033-100]
[15/Sep/2025:11:23:30 +0000] - "GET https://clm.sonatype.com/user-telemetry/v1/rte/v2/kc?s=AP-YFGMCGUNNIFB-2-1757929375548-37881939&p=AP-YFGMCGUNNIFB-2 HTTP/1.1" 200 0 - [qtp1838489033-25]
[15/Sep/2025:11:28:30 +0000] - "GET https://clm.sonatype.com/user-telemetry/v1/rte/api/v1/feature/client?p=AP-YFGMCGUNNIFB-2&sv=0.53.0&v=AP-YFGMCGUNNIFB-2-1757929375550-49647461&ai=6b933aba-006b-4c12-b4b5-a0ddc2adfcf4&vt=2&s=AP-YFGMCGUNNIFB-2-1757929375548-37881939&wsv=0.53.0&cb=1757935708312-2192 HTTP/1.1" 200 41332 - [qtp1838489033-25]
[15/Sep/2025:11:32:53 +0000] - "GET https://clm.sonatype.com/user-telemetry/v1/rte/v1/configuration/AP-YFGMCGUNNIFB-2?ai=6b933aba-006b-4c12-b4b5-a0ddc2adfcf4 HTTP/1.1" 200 2146 - [qtp1838489033-89]
[15/Sep/2025:11:32:54 +0000] - "GET https://clm.sonatype.com/user-telemetry/v1/rte/api/v1/feature/client?p=AP-YFGMCGUNNIFB-2&sv=0.53.0&v=AP-YFGMCGUNNIFB-2-1757929375550-49647461&ai=6b933aba-006b-4c12-b4b5-a0ddc2adfcf4&vt=2&s=AP-YFGMCGUNNIFB-2-1757929375548-37881939&wsv=0.53.0&cb=1757935974176-9414 HTTP/1.1" 200 41332 - [qtp1838489033-89]
[15/Sep/2025:11:32:54 +0000] - "GET https://clm.sonatype.com/user-telemetry/v1/rte/v2/kc?s=AP-YFGMCGUNNIFB-2-1757929375548-37881939&p=AP-YFGMCGUNNIFB-2 HTTP/1.1" 200 0 - [qtp1838489033-141]
[15/Sep/2025:11:34:22 +0000] - "GET https://clm.sonatype.com/user-telemetry/v1/rte/v1/configuration/AP-YFGMCGUNNIFB-2?ai=6b933aba-006b-4c12-b4b5-a0ddc2adfcf4 HTTP/1.1" 200 2146 - [qtp1838489033-24]
[15/Sep/2025:11:34:22 +0000] - "POST https://clm.sonatype.com/user-telemetry/v1/rte/v2/command?p=AP-YFGMCGUNNIFB-2&et=pageview HTTP/1.1" 200 0 - [qtp1838489033-25]
[15/Sep/2025:11:34:22 +0000] - "GET https://clm.sonatype.com/user-telemetry/v1/rte/v2/kc?s=AP-YFGMCGUNNIFB-2-1757936062371-62678874&p=AP-YFGMCGUNNIFB-2 HTTP/1.1" 200 0 - [qtp1838489033-141]
[15/Sep/2025:11:34:22 +0000] - "POST https://clm.sonatype.com/user-telemetry/v1/rte/v2/command?p=AP-YFGMCGUNNIFB-2&et=sessionInitialized HTTP/1.1" 200 0 - [qtp1838489033-29]
[15/Sep/2025:11:34:22 +0000] - "POST https://clm.sonatype.com/user-telemetry/v1/rte/v2/command?p=AP-YFGMCGUNNIFB-2&et=identify HTTP/1.1" 200 0 - [qtp1838489033-181]
[15/Sep/2025:11:34:23 +0000] - "GET https://clm.sonatype.com/user-telemetry/v1/rte/api/v1/feature/client?p=AP-YFGMCGUNNIFB-2&sv=0.53.0&v=AP-YFGMCGUNNIFB-2-1757929375550-49647461&ai=6b933aba-006b-4c12-b4b5-a0ddc2adfcf4&vt=2&s=AP-YFGMCGUNNIFB-2-1757936062371-62678874&wsv=0.53.0&cb=1757936062410-1972 HTTP/1.1" 200 41332 - [qtp1838489033-24]
[15/Sep/2025:11:34:23 +0000] - "GET https://clm.sonatype.com/user-telemetry/v1/style.css?a=AP-YFGMCGUNNIFB-2 HTTP/1.1" 200 52896 - [qtp1838489033-100]
[15/Sep/2025:11:34:24 +0000] - "POST https://clm.sonatype.com/user-telemetry/v1/rte/v2/command?p=AP-YFGMCGUNNIFB-2&et=custom HTTP/1.1" 200 0 - [qtp1838489033-24]
[15/Sep/2025:11:34:24 +0000] - "POST https://clm.sonatype.com/user-telemetry/v1/rte/v2/command?p=AP-YFGMCGUNNIFB-2&et=pageview HTTP/1.1" 200 0 - [qtp1838489033-100]
[15/Sep/2025:11:34:24 +0000] - "GET https://clm.sonatype.com/user-telemetry/v1/rte/v2/kc?s=AP-YFGMCGUNNIFB-2-1757936062371-62678874&p=AP-YFGMCGUNNIFB-2 HTTP/1.1" 200 0 - [qtp1838489033-29]
[15/Sep/2025:11:34:25 +0000] - "GET https://clm.sonatype.com/user-telemetry/v1/rte/v2/kc?s=AP-YFGMCGUNNIFB-2-1757936062371-62678874&p=AP-YFGMCGUNNIFB-2 HTTP/1.1" 200 0 - [qtp1838489033-29]
[15/Sep/2025:11:34:26 +0000] - "GET https://clm.sonatype.com/user-telemetry/v1/rte/v1/inapp?p=AP-YFGMCGUNNIFB-2&sv=0.53.0&v=AP-YFGMCGUNNIFB-2-1757929375550-49647461&ai=6b933aba-006b-4c12-b4b5-a0ddc2adfcf4&vt=2&s=AP-YFGMCGUNNIFB-2-1757936062371-62678874&sc=https%3A%2F%2F&ho=obfuscated-rm-base.example.com&pa=%2F&q=&ha=%23browse%2Fwelcome&u=obfuscated-rm-base.example.com%2F%23browse%2Fwelcome&gcx=%7B%22rm_serverVersion%22%3A%223.84.0-03%22%2C%22usertype%22%3A%22administrator%22%7D&cb=1757936065532-8213 HTTP/1.1" 200 0 - [qtp1838489033-25]
[15/Sep/2025:11:34:27 +0000] - "GET https://clm.sonatype.com/user-telemetry/v1/rte/v2/kc?s=AP-YFGMCGUNNIFB-2-1757936062371-62678874&p=AP-YFGMCGUNNIFB-2 HTTP/1.1" 200 0 - [qtp1838489033-141]
[15/Sep/2025:11:34:42 +0000] - "POST https://clm.sonatype.com/user-telemetry/v1/rte/v2/command?p=AP-YFGMCGUNNIFB-2&et=click HTTP/1.1" 200 0 - [qtp1838489033-141]
[15/Sep/2025:11:34:43 +0000] - "GET https://clm.sonatype.com/user-telemetry/v1/rte/v1/inapp?p=AP-YFGMCGUNNIFB-2&sv=0.53.0&v=AP-YFGMCGUNNIFB-2-1757929375550-49647461&ai=6b933aba-006b-4c12-b4b5-a0ddc2adfcf4&vt=2&s=AP-YFGMCGUNNIFB-2-1757936062371-62678874&sc=https%3A%2F%2F&ho=obfuscated-rm-base.example.com&pa=%2F&q=&ha=%23browse%2Fwelcome&u=obfuscated-rm-base.example.com%2F%23browse%2Fwelcome&gcx=%7B%22rm_serverVersion%22%3A%223.84.0-03%22%2C%22usertype%22%3A%22administrator%22%7D&cb=1757936082844-5431 HTTP/1.1" 200 0 - [qtp1838489033-181]
[15/Sep/2025:11:34:45 +0000] - "POST https://clm.sonatype.com/user-telemetry/v1/rte/v2/command?p=AP-YFGMCGUNNIFB-2&et=pageview HTTP/1.1" 200 0 - [qtp1838489033-89]
[15/Sep/2025:11:34:45 +0000] - "POST https://clm.sonatype.com/user-telemetry/v1/rte/v2/command?p=AP-YFGMCGUNNIFB-2&et=linkClick HTTP/1.1" 200 0 - [qtp1838489033-141]
[15/Sep/2025:11:34:45 +0000] - "POST https://clm.sonatype.com/user-telemetry/v1/rte/v2/command?p=AP-YFGMCGUNNIFB-2&et=pageview HTTP/1.1" 200 0 - [qtp1838489033-181]
[15/Sep/2025:11:34:46 +0000] - "GET https://clm.sonatype.com/user-telemetry/v1/rte/v1/inapp?p=AP-YFGMCGUNNIFB-2&sv=0.53.0&v=AP-YFGMCGUNNIFB-2-1757929375550-49647461&ai=6b933aba-006b-4c12-b4b5-a0ddc2adfcf4&vt=2&s=AP-YFGMCGUNNIFB-2-1757936062371-62678874&sc=https%3A%2F%2F&ho=obfuscated-rm-base.example.com&pa=%2F&q=&ha=%23browse%2Fbrowse&u=obfuscated-rm-base.example.com%2F%23browse%2Fbrowse&gcx=%7B%22rm_serverVersion%22%3A%223.84.0-03%22%2C%22usertype%22%3A%22administrator%22%7D&cb=1757936085602-5751 HTTP/1.1" 200 0 - [qtp1838489033-100]
[15/Sep/2025:11:37:51 +0000] - "POST https://clm.sonatype.com/user-telemetry/v1/rte/v2/command?p=AP-YFGMCGUNNIFB-2&et=pageview HTTP/1.1" 200 0 - [qtp1838489033-24]
[15/Sep/2025:11:37:51 +0000] - "POST https://clm.sonatype.com/user-telemetry/v1/rte/v2/command?p=AP-YFGMCGUNNIFB-2&et=pageview HTTP/1.1" 200 0 - [qtp1838489033-29]
[15/Sep/2025:11:37:52 +0000] - "POST https://clm.sonatype.com/user-telemetry/v1/rte/v2/command?p=AP-YFGMCGUNNIFB-2&et=click HTTP/1.1" 200 0 - [qtp1838489033-181]
[15/Sep/2025:11:37:52 +0000] - "GET https://clm.sonatype.com/user-telemetry/v1/rte/v1/inapp?p=AP-YFGMCGUNNIFB-2&sv=0.53.0&v=AP-YFGMCGUNNIFB-2-1757929375550-49647461&ai=6b933aba-006b-4c12-b4b5-a0ddc2adfcf4&vt=2&s=AP-YFGMCGUNNIFB-2-1757936062371-62678874&sc=https%3A%2F%2F&ho=obfuscated-rm-base.example.com&pa=%2F&q=&ha=%23browse%2Fwelcome&u=obfuscated-rm-base.example.com%2F%23browse%2Fwelcome&gcx=%7B%22rm_serverVersion%22%3A%223.84.0-03%22%2C%22usertype%22%3A%22administrator%22%7D&cb=1757936271976-4116 HTTP/1.1" 200 0 - [qtp1838489033-24]
[15/Sep/2025:11:38:20 +0000] - "POST https://clm.sonatype.com/user-telemetry/v1/rte/v2/command?p=AP-YFGMCGUNNIFB-2&et=linkClick HTTP/1.1" 200 0 - [qtp1838489033-141]
[15/Sep/2025:11:39:24 +0000] - "GET https://clm.sonatype.com/user-telemetry/v1/rte/api/v1/feature/client?p=AP-YFGMCGUNNIFB-2&sv=0.53.0&v=AP-YFGMCGUNNIFB-2-1757929375550-49647461&ai=6b933aba-006b-4c12-b4b5-a0ddc2adfcf4&vt=2&s=AP-YFGMCGUNNIFB-2-1757936062371-62678874&wsv=0.53.0&cb=1757936363181-4938 HTTP/1.1" 200 41332 - [qtp1838489033-181]
[15/Sep/2025:11:44:22 +0000] - "GET https://clm.sonatype.com/user-telemetry/v1/rte/v1/configuration/AP-YFGMCGUNNIFB-2?ai=6b933aba-006b-4c12-b4b5-a0ddc2adfcf4 HTTP/1.1" 200 2146 - [qtp1838489033-189]
[15/Sep/2025:11:44:23 +0000] - "GET https://clm.sonatype.com/user-telemetry/v1/rte/v2/kc?s=AP-YFGMCGUNNIFB-2-1757936062371-62678874&p=AP-YFGMCGUNNIFB-2 HTTP/1.1" 200 0 - [qtp1838489033-181]
[15/Sep/2025:11:44:23 +0000] - "GET https://clm.sonatype.com/user-telemetry/v1/rte/api/v1/feature/client?p=AP-YFGMCGUNNIFB-2&sv=0.53.0&v=AP-YFGMCGUNNIFB-2-1757929375550-49647461&ai=6b933aba-006b-4c12-b4b5-a0ddc2adfcf4&vt=2&s=AP-YFGMCGUNNIFB-2-1757936062371-62678874&wsv=0.53.0&cb=1757936663184-1717 HTTP/1.1" 200 41332 - [qtp1838489033-189]
[15/Sep/2025:11:51:35 +0000] - "GET https://clm.sonatype.com/user-telemetry/v1/rte/api/v1/feature/client?p=AP-YFGMCGUNNIFB-2&sv=0.53.0&v=AP-YFGMCGUNNIFB-2-1757929375550-49647461&ai=6b933aba-006b-4c12-b4b5-a0ddc2adfcf4&vt=2&s=AP-YFGMCGUNNIFB-2-1757936062371-62678874&wsv=0.53.0&cb=1757937094191-1567 HTTP/1.1" 200 41332 - [qtp1838489033-181]
[15/Sep/2025:11:54:22 +0000] - "GET https://clm.sonatype.com/user-telemetry/v1/rte/v1/configuration/AP-YFGMCGUNNIFB-2?ai=6b933aba-006b-4c12-b4b5-a0ddc2adfcf4 HTTP/1.1" 200 2146 - [qtp1838489033-89]
[15/Sep/2025:11:54:23 +0000] - "GET https://clm.sonatype.com/user-telemetry/v1/rte/v2/kc?s=AP-YFGMCGUNNIFB-2-1757936062371-62678874&p=AP-YFGMCGUNNIFB-2 HTTP/1.1" 200 0 - [qtp1838489033-189]
[15/Sep/2025:11:54:23 +0000] - "GET https://clm.sonatype.com/user-telemetry/v1/rte/api/v1/feature/client?p=AP-YFGMCGUNNIFB-2&sv=0.53.0&v=AP-YFGMCGUNNIFB-2-1757929375550-49647461&ai=6b933aba-006b-4c12-b4b5-a0ddc2adfcf4&vt=2&s=AP-YFGMCGUNNIFB-2-1757936062371-62678874&wsv=0.53.0&cb=1757937263182-6887 HTTP/1.1" 200 41332 - [qtp1838489033-181]
[15/Sep/2025:11:57:43 +0000] - "GET https://clm.sonatype.com/user-telemetry/v1/rte/v1/configuration/AP-YFGMCGUNNIFB-2?ai=6b933aba-006b-4c12-b4b5-a0ddc2adfcf4 HTTP/1.1" 200 2146 - [qtp1838489033-181]
[15/Sep/2025:11:57:43 +0000] - "POST https://clm.sonatype.com/user-telemetry/v1/rte/v2/command?p=AP-YFGMCGUNNIFB-2&et=identify HTTP/1.1" 200 0 - [qtp1838489033-189]
[15/Sep/2025:11:57:43 +0000] - "POST https://clm.sonatype.com/user-telemetry/v1/rte/v2/command?p=AP-YFGMCGUNNIFB-2&et=pageview HTTP/1.1" 200 0 - [qtp1838489033-181]
[15/Sep/2025:11:57:43 +0000] - "GET https://clm.sonatype.com/user-telemetry/v1/rte/api/v1/feature/client?p=AP-YFGMCGUNNIFB-2&sv=0.53.0&v=AP-YFGMCGUNNIFB-2-1757929375550-49647461&vt=2&ai=6b933aba-006b-4c12-b4b5-a0ddc2adfcf4&s=AP-YFGMCGUNNIFB-2-1757936062371-62678874&wsv=0.53.0&cb=1757937463103-5485 HTTP/1.1" 200 41332 - [qtp1838489033-24]
[15/Sep/2025:11:57:43 +0000] - "GET https://clm.sonatype.com/user-telemetry/v1/rte/v2/kc?s=AP-YFGMCGUNNIFB-2-1757936062371-62678874&p=AP-YFGMCGUNNIFB-2 HTTP/1.1" 200 0 - [qtp1838489033-215]
[15/Sep/2025:11:57:44 +0000] - "GET https://clm.sonatype.com/user-telemetry/v1/style.css?a=AP-YFGMCGUNNIFB-2 HTTP/1.1" 200 52896 - [qtp1838489033-89]
[15/Sep/2025:11:57:45 +0000] - "POST https://clm.sonatype.com/user-telemetry/v1/rte/v2/command?p=AP-YFGMCGUNNIFB-2&et=pageview HTTP/1.1" 200 0 - [qtp1838489033-91]
[15/Sep/2025:11:57:45 +0000] - "POST https://clm.sonatype.com/user-telemetry/v1/rte/v2/command?p=AP-YFGMCGUNNIFB-2&et=custom HTTP/1.1" 200 0 - [qtp1838489033-89]
[15/Sep/2025:11:57:45 +0000] - "GET https://clm.sonatype.com/user-telemetry/v1/rte/v2/kc?s=AP-YFGMCGUNNIFB-2-1757936062371-62678874&p=AP-YFGMCGUNNIFB-2 HTTP/1.1" 200 0 - [qtp1838489033-189]
[15/Sep/2025:11:57:46 +0000] - "GET https://clm.sonatype.com/user-telemetry/v1/rte/v1/inapp?p=AP-YFGMCGUNNIFB-2&sv=0.53.0&v=AP-YFGMCGUNNIFB-2-1757929375550-49647461&vt=2&ai=6b933aba-006b-4c12-b4b5-a0ddc2adfcf4&s=AP-YFGMCGUNNIFB-2-1757936062371-62678874&sc=https%3A%2F%2F&ho=obfuscated-rm-base.example.com&pa=%2F&q=&ha=%23browse%2Fwelcome&u=obfuscated-rm-base.example.com%2F%23browse%2Fwelcome&gcx=%7B%22rm_serverVersion%22%3A%223.84.0-03%22%2C%22usertype%22%3A%22administrator%22%7D&cb=1757937466212-3326 HTTP/1.1" 200 0 - [qtp1838489033-189]
[15/Sep/2025:11:57:47 +0000] - "GET https://clm.sonatype.com/user-telemetry/v1/rte/v2/kc?s=AP-YFGMCGUNNIFB-2-1757936062371-62678874&p=AP-YFGMCGUNNIFB-2 HTTP/1.1" 200 0 - [qtp1838489033-100]
[15/Sep/2025:11:57:48 +0000] - "POST https://clm.sonatype.com/user-telemetry/v1/rte/v2/command?p=AP-YFGMCGUNNIFB-2&et=linkClick HTTP/1.1" 200 0 - [qtp1838489033-182]
[15/Sep/2025:11:57:48 +0000] - "POST https://clm.sonatype.com/user-telemetry/v1/rte/v2/command?p=AP-YFGMCGUNNIFB-2&et=pageview HTTP/1.1" 200 0 - [qtp1838489033-89]
[15/Sep/2025:11:57:48 +0000] - "POST https://clm.sonatype.com/user-telemetry/v1/rte/v2/command?p=AP-YFGMCGUNNIFB-2&et=pageview HTTP/1.1" 200 0 - [qtp1838489033-181]
[15/Sep/2025:11:57:50 +0000] - "GET https://clm.sonatype.com/user-telemetry/v1/rte/v1/inapp?p=AP-YFGMCGUNNIFB-2&sv=0.53.0&v=AP-YFGMCGUNNIFB-2-1757929375550-49647461&vt=2&ai=6b933aba-006b-4c12-b4b5-a0ddc2adfcf4&s=AP-YFGMCGUNNIFB-2-1757936062371-62678874&sc=https%3A%2F%2F&ho=obfuscated-rm-base.example.com&pa=%2F&q=&ha=%23browse%2Fbrowse&u=obfuscated-rm-base.example.com%2F%23browse%2Fbrowse&gcx=%7B%22rm_serverVersion%22%3A%223.84.0-03%22%2C%22usertype%22%3A%22administrator%22%7D&cb=1757937469759-9733 HTTP/1.1" 200 0 - [qtp1838489033-91]
[15/Sep/2025:11:57:59 +0000] - "POST https://clm.sonatype.com/user-telemetry/v1/rte/v2/command?p=AP-YFGMCGUNNIFB-2&et=click HTTP/1.1" 200 0 - [qtp1838489033-181]
[15/Sep/2025:11:58:00 +0000] - "POST https://clm.sonatype.com/user-telemetry/v1/rte/v2/command?p=AP-YFGMCGUNNIFB-2&et=pageview HTTP/1.1" 200 0 - [qtp1838489033-182]
[15/Sep/2025:11:58:00 +0000] - "GET https://clm.sonatype.com/user-telemetry/v1/rte/v1/inapp?p=AP-YFGMCGUNNIFB-2&sv=0.53.0&v=AP-YFGMCGUNNIFB-2-1757929375550-49647461&vt=2&ai=6b933aba-006b-4c12-b4b5-a0ddc2adfcf4&s=AP-YFGMCGUNNIFB-2-1757936062371-62678874&sc=https%3A%2F%2F&ho=obfuscated-rm-base.example.com&pa=%2F&q=&ha=%23browse%2Fbrowse%3Amaven-snapshots&u=obfuscated-rm-base.example.com%2F%23browse%2Fbrowse%3Amaven-snapshots&gcx=%7B%22rm_serverVersion%22%3A%223.84.0-03%22%2C%22usertype%22%3A%22administrator%22%7D&cb=1757937480457-8241 HTTP/1.1" 200 0 - [qtp1838489033-182]
[15/Sep/2025:11:58:07 +0000] - "POST https://clm.sonatype.com/user-telemetry/v1/rte/v2/command?p=AP-YFGMCGUNNIFB-2&et=click HTTP/1.1" 200 0 - [qtp1838489033-181]
[15/Sep/2025:11:58:08 +0000] - "POST https://clm.sonatype.com/user-telemetry/v1/rte/v2/command?p=AP-YFGMCGUNNIFB-2&et=pageview HTTP/1.1" 200 0 - [qtp1838489033-91]
[15/Sep/2025:11:58:08 +0000] - "GET https://clm.sonatype.com/user-telemetry/v1/rte/v1/inapp?p=AP-YFGMCGUNNIFB-2&sv=0.53.0&v=AP-YFGMCGUNNIFB-2-1757929375550-49647461&vt=2&ai=6b933aba-006b-4c12-b4b5-a0ddc2adfcf4&s=AP-YFGMCGUNNIFB-2-1757936062371-62678874&sc=https%3A%2F%2F&ho=obfuscated-rm-base.example.com&pa=%2F&q=&ha=%23browse%2Fbrowse%3Amaven-snapshots%3Acom%2Fexample%2Fnexus%2F0.0.1-SNAPSHOT&u=obfuscated-rm-base.example.com%2F%23browse%2Fbrowse%3Amaven-snapshots%3Acom%2Fexample%2Fnexus%2F0.0.1-SNAPSHOT&gcx=%7B%22rm_serverVersion%22%3A%223.84.0-03%22%2C%22usertype%22%3A%22administrator%22%7D&cb=1757937488419-2451 HTTP/1.1" 200 0 - [qtp1838489033-89]
[15/Sep/2025:11:58:15 +0000] - "POST https://clm.sonatype.com/user-telemetry/v1/rte/v2/command?p=AP-YFGMCGUNNIFB-2&et=click HTTP/1.1" 200 0 - [qtp1838489033-215]
[15/Sep/2025:11:58:15 +0000] - "POST https://clm.sonatype.com/user-telemetry/v1/rte/v2/command?p=AP-YFGMCGUNNIFB-2&et=pageview HTTP/1.1" 200 0 - [qtp1838489033-91]
[15/Sep/2025:11:58:16 +0000] - "GET https://clm.sonatype.com/user-telemetry/v1/rte/v1/inapp?p=AP-YFGMCGUNNIFB-2&sv=0.53.0&v=AP-YFGMCGUNNIFB-2-1757929375550-49647461&vt=2&ai=6b933aba-006b-4c12-b4b5-a0ddc2adfcf4&s=AP-YFGMCGUNNIFB-2-1757936062371-62678874&sc=https%3A%2F%2F&ho=obfuscated-rm-base.example.com&pa=%2F&q=&ha=%23browse%2Fbrowse&u=obfuscated-rm-base.example.com%2F%23browse%2Fbrowse&gcx=%7B%22rm_serverVersion%22%3A%223.84.0-03%22%2C%22usertype%22%3A%22administrator%22%7D&cb=1757937495772-1457 HTTP/1.1" 200 0 - [qtp1838489033-100]
[15/Sep/2025:11:58:16 +0000] - "POST https://clm.sonatype.com/user-telemetry/v1/rte/v2/command?p=AP-YFGMCGUNNIFB-2&et=pageview HTTP/1.1" 200 0 - [qtp1838489033-181]
[15/Sep/2025:11:58:18 +0000] - "POST https://clm.sonatype.com/user-telemetry/v1/rte/v2/command?p=AP-YFGMCGUNNIFB-2&et=click HTTP/1.1" 200 0 - [qtp1838489033-89]
[15/Sep/2025:11:58:18 +0000] - "POST https://clm.sonatype.com/user-telemetry/v1/rte/v2/command?p=AP-YFGMCGUNNIFB-2&et=pageview HTTP/1.1" 200 0 - [qtp1838489033-181]
[15/Sep/2025:11:58:19 +0000] - "GET https://clm.sonatype.com/user-telemetry/v1/rte/v1/inapp?p=AP-YFGMCGUNNIFB-2&sv=0.53.0&v=AP-YFGMCGUNNIFB-2-1757929375550-49647461&vt=2&ai=6b933aba-006b-4c12-b4b5-a0ddc2adfcf4&s=AP-YFGMCGUNNIFB-2-1757936062371-62678874&sc=https%3A%2F%2F&ho=obfuscated-rm-base.example.com&pa=%2F&q=&ha=%23browse%2Fbrowse%3Amaven-releases-nexus&u=obfuscated-rm-base.example.com%2F%23browse%2Fbrowse%3Amaven-releases-nexus&gcx=%7B%22rm_serverVersion%22%3A%223.84.0-03%22%2C%22usertype%22%3A%22administrator%22%7D&cb=1757937498590-5298 HTTP/1.1" 200 0 - [qtp1838489033-215]
[15/Sep/2025:11:58:24 +0000] - "POST https://clm.sonatype.com/user-telemetry/v1/rte/v2/command?p=AP-YFGMCGUNNIFB-2&et=click HTTP/1.1" 200 0 - [qtp1838489033-215]
[15/Sep/2025:11:58:24 +0000] - "POST https://clm.sonatype.com/user-telemetry/v1/rte/v2/command?p=AP-YFGMCGUNNIFB-2&et=pageview HTTP/1.1" 200 0 - [qtp1838489033-89]
[15/Sep/2025:11:58:24 +0000] - "POST https://clm.sonatype.com/user-telemetry/v1/rte/v2/command?p=AP-YFGMCGUNNIFB-2&et=pageview HTTP/1.1" 200 0 - [qtp1838489033-91]
[15/Sep/2025:11:58:25 +0000] - "GET https://clm.sonatype.com/user-telemetry/v1/rte/v1/inapp?p=AP-YFGMCGUNNIFB-2&sv=0.53.0&v=AP-YFGMCGUNNIFB-2-1757929375550-49647461&vt=2&ai=6b933aba-006b-4c12-b4b5-a0ddc2adfcf4&s=AP-YFGMCGUNNIFB-2-1757936062371-62678874&sc=https%3A%2F%2F&ho=obfuscated-rm-base.example.com&pa=%2F&q=&ha=%23browse%2Fbrowse&u=obfuscated-rm-base.example.com%2F%23browse%2Fbrowse&gcx=%7B%22rm_serverVersion%22%3A%223.84.0-03%22%2C%22usertype%22%3A%22administrator%22%7D&cb=1757937504623-3664 HTTP/1.1" 200 0 - [qtp1838489033-100]
[15/Sep/2025:11:58:27 +0000] - "POST https://clm.sonatype.com/user-telemetry/v1/rte/v2/command?p=AP-YFGMCGUNNIFB-2&et=click HTTP/1.1" 200 0 - [qtp1838489033-91]
[15/Sep/2025:11:58:27 +0000] - "POST https://clm.sonatype.com/user-telemetry/v1/rte/v2/command?p=AP-YFGMCGUNNIFB-2&et=pageview HTTP/1.1" 200 0 - [qtp1838489033-181]
[15/Sep/2025:11:58:29 +0000] - "GET https://clm.sonatype.com/user-telemetry/v1/rte/v1/inapp?p=AP-YFGMCGUNNIFB-2&sv=0.53.0&v=AP-YFGMCGUNNIFB-2-1757929375550-49647461&vt=2&ai=6b933aba-006b-4c12-b4b5-a0ddc2adfcf4&s=AP-YFGMCGUNNIFB-2-1757936062371-62678874&sc=https%3A%2F%2F&ho=obfuscated-rm-base.example.com&pa=%2F&q=&ha=%23browse%2Fbrowse%3Amaven-snapshots&u=obfuscated-rm-base.example.com%2F%23browse%2Fbrowse%3Amaven-snapshots&gcx=%7B%22rm_serverVersion%22%3A%223.84.0-03%22%2C%22usertype%22%3A%22administrator%22%7D&cb=1757937508186-8661 HTTP/1.1" 200 0 - [qtp1838489033-89]
[15/Sep/2025:11:58:30 +0000] - "POST https://clm.sonatype.com/user-telemetry/v1/rte/v2/command?p=AP-YFGMCGUNNIFB-2&et=click HTTP/1.1" 200 0 - [qtp1838489033-181]
[15/Sep/2025:11:58:30 +0000] - "POST https://clm.sonatype.com/user-telemetry/v1/rte/v2/command?p=AP-YFGMCGUNNIFB-2&et=pageview HTTP/1.1" 200 0 - [qtp1838489033-91]
[15/Sep/2025:11:58:31 +0000] - "POST https://clm.sonatype.com/user-telemetry/v1/rte/v2/command?p=AP-YFGMCGUNNIFB-2&et=click HTTP/1.1" 200 0 - [qtp1838489033-89]
[15/Sep/2025:11:58:31 +0000] - "GET https://clm.sonatype.com/user-telemetry/v1/rte/v1/inapp?p=AP-YFGMCGUNNIFB-2&sv=0.53.0&v=AP-YFGMCGUNNIFB-2-1757929375550-49647461&vt=2&ai=6b933aba-006b-4c12-b4b5-a0ddc2adfcf4&s=AP-YFGMCGUNNIFB-2-1757936062371-62678874&sc=https%3A%2F%2F&ho=obfuscated-rm-base.example.com&pa=%2F&q=&ha=%23browse%2Fbrowse%3Amaven-snapshots%3Acom%2Fexample%2Fnexus%2F0.0.1-SNAPSHOT&u=obfuscated-rm-base.example.com%2F%23browse%2Fbrowse%3Amaven-snapshots%3Acom%2Fexample%2Fnexus%2F0.0.1-SNAPSHOT&gcx=%7B%22rm_serverVersion%22%3A%223.84.0-03%22%2C%22usertype%22%3A%22administrator%22%7D&cb=1757937510520-2826 HTTP/1.1" 200 0 - [qtp1838489033-100]
[15/Sep/2025:11:58:31 +0000] - "POST https://clm.sonatype.com/user-telemetry/v1/rte/v2/command?p=AP-YFGMCGUNNIFB-2&et=click HTTP/1.1" 200 0 - [qtp1838489033-91]
[15/Sep/2025:11:58:32 +0000] - "GET https://clm.sonatype.com/user-telemetry/v1/rte/v1/inapp?p=AP-YFGMCGUNNIFB-2&sv=0.53.0&v=AP-YFGMCGUNNIFB-2-1757929375550-49647461&vt=2&ai=6b933aba-006b-4c12-b4b5-a0ddc2adfcf4&s=AP-YFGMCGUNNIFB-2-1757936062371-62678874&sc=https%3A%2F%2F&ho=obfuscated-rm-base.example.com&pa=%2F&q=&ha=%23browse%2Fbrowse%3Amaven-snapshots%3Acom%2Fexample%2Fnexus%2F0.0.1-SNAPSHOT&u=obfuscated-rm-base.example.com%2F%23browse%2Fbrowse%3Amaven-snapshots%3Acom%2Fexample%2Fnexus%2F0.0.1-SNAPSHOT&gcx=%7B%22rm_serverVersion%22%3A%223.84.0-03%22%2C%22usertype%22%3A%22administrator%22%7D&cb=1757937511830-2167 HTTP/1.1" 200 0 - [qtp1838489033-218]
[15/Sep/2025:11:58:35 +0000] - "POST https://clm.sonatype.com/user-telemetry/v1/rte/v2/command?p=AP-YFGMCGUNNIFB-2&et=click HTTP/1.1" 200 0 - [qtp1838489033-91]
[15/Sep/2025:11:58:35 +0000] - "POST https://clm.sonatype.com/user-telemetry/v1/rte/v2/command?p=AP-YFGMCGUNNIFB-2&et=pageview HTTP/1.1" 200 0 - [qtp1838489033-215]
[15/Sep/2025:11:58:35 +0000] - "POST https://clm.sonatype.com/user-telemetry/v1/rte/v2/command?p=AP-YFGMCGUNNIFB-2&et=click HTTP/1.1" 200 0 - [qtp1838489033-89]
[15/Sep/2025:11:58:35 +0000] - "POST https://rhc.sonatype.com/rest/rhc/extras/components/popularity/adcad7ae-e120e0c0-b609d707-507eb54e-bf67ca6d HTTP/1.1" 200 2 - [qtp1838489033-182]
[15/Sep/2025:11:58:35 +0000] - "GET https://clm.sonatype.com/user-telemetry/v1/rte/v1/inapp?p=AP-YFGMCGUNNIFB-2&sv=0.53.0&v=AP-YFGMCGUNNIFB-2-1757929375550-49647461&vt=2&ai=6b933aba-006b-4c12-b4b5-a0ddc2adfcf4&s=AP-YFGMCGUNNIFB-2-1757936062371-62678874&sc=https%3A%2F%2F&ho=obfuscated-rm-base.example.com&pa=%2F&q=&ha=%23browse%2Fbrowse%3Amaven-snapshots%3Acom%2Fexample%2Fnexus%2F0.0.1-SNAPSHOT%2F0.0.1-20250915.115505-1&u=obfuscated-rm-base.example.com%2F%23browse%2Fbrowse%3Amaven-snapshots%3Acom%2Fexample%2Fnexus%2F0.0.1-SNAPSHOT%2F0.0.1-20250915.115505-1&gcx=%7B%22rm_serverVersion%22%3A%223.84.0-03%22%2C%22usertype%22%3A%22administrator%22%7D&cb=1757937515549-8822 HTTP/1.1" 200 0 - [qtp1838489033-219]
[15/Sep/2025:11:58:36 +0000] - "POST https://rhc.sonatype.com/rest/rhc/extras/components/adcad7ae-e120e0c0-b609d707-507eb54e-bf67ca6d HTTP/1.1" 200 2 - [qtp1838489033-182]
[15/Sep/2025:11:59:16 +0000] - "POST https://clm.sonatype.com/user-telemetry/v1/rte/v2/command?p=AP-YFGMCGUNNIFB-2&et=pageview HTTP/1.1" 200 0 - [qtp1838489033-181]
[15/Sep/2025:11:59:16 +0000] - "POST https://clm.sonatype.com/user-telemetry/v1/rte/v2/command?p=AP-YFGMCGUNNIFB-2&et=click HTTP/1.1" 200 0 - [qtp1838489033-189]
[15/Sep/2025:11:59:17 +0000] - "GET https://clm.sonatype.com/user-telemetry/v1/rte/v1/inapp?p=AP-YFGMCGUNNIFB-2&sv=0.53.0&v=AP-YFGMCGUNNIFB-2-1757929375550-49647461&vt=2&ai=6b933aba-006b-4c12-b4b5-a0ddc2adfcf4&s=AP-YFGMCGUNNIFB-2-1757936062371-62678874&sc=https%3A%2F%2F&ho=obfuscated-rm-base.example.com&pa=%2F&q=&ha=%23browse%2Fbrowse%3Amaven-snapshots%3Acom%2Fexample%2Fnexus%2F0.0.1-SNAPSHOT%2F0.0.1-20250915.115505-1%2Fnexus-0.0.1-20250915.115505-1.jar&u=obfuscated-rm-base.example.com%2F%23browse%2Fbrowse%3Amaven-snapshots%3Acom%2Fexample%2Fnexus%2F0.0.1-SNAPSHOT%2F0.0.1-20250915.115505-1%2Fnexus-0.0.1-20250915.115505-1.jar&gcx=%7B%22rm_serverVersion%22%3A%223.84.0-03%22%2C%22usertype%22%3A%22administrator%22%7D&cb=1757937556798-9478 HTTP/1.1" 200 0 - [qtp1838489033-181]
[15/Sep/2025:11:59:39 +0000] - "POST https://clm.sonatype.com/user-telemetry/v1/rte/v2/command?p=AP-YFGMCGUNNIFB-2&et=click HTTP/1.1" 200 0 - [qtp1838489033-89]
[15/Sep/2025:11:59:39 +0000] - "POST https://clm.sonatype.com/user-telemetry/v1/rte/v2/command?p=AP-YFGMCGUNNIFB-2&et=pageview HTTP/1.1" 200 0 - [qtp1838489033-215]
[15/Sep/2025:11:59:40 +0000] - "GET https://clm.sonatype.com/user-telemetry/v1/rte/v1/inapp?p=AP-YFGMCGUNNIFB-2&sv=0.53.0&v=AP-YFGMCGUNNIFB-2-1757929375550-49647461&vt=2&ai=6b933aba-006b-4c12-b4b5-a0ddc2adfcf4&s=AP-YFGMCGUNNIFB-2-1757936062371-62678874&sc=https%3A%2F%2F&ho=obfuscated-rm-base.example.com&pa=%2F&q=&ha=%23browse%2Fbrowse%3Amaven-snapshots%3Acom%2Fexample%2Fnexus%2F0.0.1-SNAPSHOT%2F0.0.1-20250915.115505-1%2Fnexus-0.0.1-20250915.115505-1.pom&u=obfuscated-rm-base.example.com%2F%23browse%2Fbrowse%3Amaven-snapshots%3Acom%2Fexample%2Fnexus%2F0.0.1-SNAPSHOT%2F0.0.1-20250915.115505-1%2Fnexus-0.0.1-20250915.115505-1.pom&gcx=%7B%22rm_serverVersion%22%3A%223.84.0-03%22%2C%22usertype%22%3A%22administrator%22%7D&cb=1757937580128-7864 HTTP/1.1" 200 0 - [qtp1838489033-91]
[15/Sep/2025:11:59:42 +0000] - "POST https://clm.sonatype.com/user-telemetry/v1/rte/v2/command?p=AP-YFGMCGUNNIFB-2&et=click HTTP/1.1" 200 0 - [qtp1838489033-215]
[15/Sep/2025:11:59:42 +0000] - "POST https://clm.sonatype.com/user-telemetry/v1/rte/v2/command?p=AP-YFGMCGUNNIFB-2&et=click HTTP/1.1" 200 0 - [qtp1838489033-189]
[15/Sep/2025:11:59:43 +0000] - "GET https://clm.sonatype.com/user-telemetry/v1/rte/v1/inapp?p=AP-YFGMCGUNNIFB-2&sv=0.53.0&v=AP-YFGMCGUNNIFB-2-1757929375550-49647461&vt=2&ai=6b933aba-006b-4c12-b4b5-a0ddc2adfcf4&s=AP-YFGMCGUNNIFB-2-1757936062371-62678874&sc=https%3A%2F%2F&ho=obfuscated-rm-base.example.com&pa=%2F&q=&ha=%23browse%2Fbrowse%3Amaven-snapshots%3Acom%2Fexample%2Fnexus%2F0.0.1-SNAPSHOT%2F0.0.1-20250915.115505-1%2Fnexus-0.0.1-20250915.115505-1.pom&u=obfuscated-rm-base.example.com%2F%23browse%2Fbrowse%3Amaven-snapshots%3Acom%2Fexample%2Fnexus%2F0.0.1-SNAPSHOT%2F0.0.1-20250915.115505-1%2Fnexus-0.0.1-20250915.115505-1.pom&gcx=%7B%22rm_serverVersion%22%3A%223.84.0-03%22%2C%22usertype%22%3A%22administrator%22%7D&cb=1757937583194-1171 HTTP/1.1" 200 0 - [qtp1838489033-181]
[15/Sep/2025:11:59:51 +0000] - "POST https://clm.sonatype.com/user-telemetry/v1/rte/v2/command?p=AP-YFGMCGUNNIFB-2&et=click HTTP/1.1" 200 0 - [qtp1838489033-189]
[15/Sep/2025:11:59:52 +0000] - "GET https://clm.sonatype.com/user-telemetry/v1/rte/v1/inapp?p=AP-YFGMCGUNNIFB-2&sv=0.53.0&v=AP-YFGMCGUNNIFB-2-1757929375550-49647461&vt=2&ai=6b933aba-006b-4c12-b4b5-a0ddc2adfcf4&s=AP-YFGMCGUNNIFB-2-1757936062371-62678874&sc=https%3A%2F%2F&ho=obfuscated-rm-base.example.com&pa=%2F&q=&ha=%23browse%2Fbrowse%3Amaven-snapshots%3Acom%2Fexample%2Fnexus%2F0.0.1-SNAPSHOT%2F0.0.1-20250915.115505-1%2Fnexus-0.0.1-20250915.115505-1.pom&u=obfuscated-rm-base.example.com%2F%23browse%2Fbrowse%3Amaven-snapshots%3Acom%2Fexample%2Fnexus%2F0.0.1-SNAPSHOT%2F0.0.1-20250915.115505-1%2Fnexus-0.0.1-20250915.115505-1.pom&gcx=%7B%22rm_serverVersion%22%3A%223.84.0-03%22%2C%22usertype%22%3A%22administrator%22%7D&cb=1757937592028-8873 HTTP/1.1" 200 0 - [qtp1838489033-181]
[15/Sep/2025:11:59:58 +0000] - "POST https://clm.sonatype.com/user-telemetry/v1/rte/v2/command?p=AP-YFGMCGUNNIFB-2&et=click HTTP/1.1" 200 0 - [qtp1838489033-181]
[15/Sep/2025:12:00:00 +0000] - "GET https://clm.sonatype.com/user-telemetry/v1/rte/v1/inapp?p=AP-YFGMCGUNNIFB-2&sv=0.53.0&v=AP-YFGMCGUNNIFB-2-1757929375550-49647461&vt=2&ai=6b933aba-006b-4c12-b4b5-a0ddc2adfcf4&s=AP-YFGMCGUNNIFB-2-1757936062371-62678874&sc=https%3A%2F%2F&ho=obfuscated-rm-base.example.com&pa=%2F&q=&ha=%23browse%2Fbrowse%3Amaven-snapshots%3Acom%2Fexample%2Fnexus%2F0.0.1-SNAPSHOT%2F0.0.1-20250915.115505-1%2Fnexus-0.0.1-20250915.115505-1.pom&u=obfuscated-rm-base.example.com%2F%23browse%2Fbrowse%3Amaven-snapshots%3Acom%2Fexample%2Fnexus%2F0.0.1-SNAPSHOT%2F0.0.1-20250915.115505-1%2Fnexus-0.0.1-20250915.115505-1.pom&gcx=%7B%22rm_serverVersion%22%3A%223.84.0-03%22%2C%22usertype%22%3A%22administrator%22%7D&cb=1757937599314-2263 HTTP/1.1" 200 0 - [qtp1838489033-189]
[15/Sep/2025:12:00:02 +0000] - "POST https://clm.sonatype.com/user-telemetry/v1/rte/v2/command?p=AP-YFGMCGUNNIFB-2&et=click HTTP/1.1" 200 0 - [qtp1838489033-181]
[15/Sep/2025:12:00:03 +0000] - "POST https://clm.sonatype.com/user-telemetry/v1/rte/v2/command?p=AP-YFGMCGUNNIFB-2&et=pageview HTTP/1.1" 200 0 - [qtp1838489033-215]
[15/Sep/2025:12:00:03 +0000] - "GET https://clm.sonatype.com/user-telemetry/v1/rte/v1/inapp?p=AP-YFGMCGUNNIFB-2&sv=0.53.0&v=AP-YFGMCGUNNIFB-2-1757929375550-49647461&vt=2&ai=6b933aba-006b-4c12-b4b5-a0ddc2adfcf4&s=AP-YFGMCGUNNIFB-2-1757936062371-62678874&sc=https%3A%2F%2F&ho=obfuscated-rm-base.example.com&pa=%2F&q=&ha=%23browse%2Fbrowse%3Amaven-snapshots%3Acom%2Fexample%2Fnexus%2F0.0.1-SNAPSHOT&u=obfuscated-rm-base.example.com%2F%23browse%2Fbrowse%3Amaven-snapshots%3Acom%2Fexample%2Fnexus%2F0.0.1-SNAPSHOT&gcx=%7B%22rm_serverVersion%22%3A%223.84.0-03%22%2C%22usertype%22%3A%22administrator%22%7D&cb=1757937602973-2457 HTTP/1.1" 200 0 - [qtp1838489033-189]
[15/Sep/2025:12:00:05 +0000] - "POST https://clm.sonatype.com/user-telemetry/v1/rte/v2/command?p=AP-YFGMCGUNNIFB-2&et=click HTTP/1.1" 200 0 - [qtp1838489033-181]
[15/Sep/2025:12:00:06 +0000] - "GET https://clm.sonatype.com/user-telemetry/v1/rte/v1/inapp?p=AP-YFGMCGUNNIFB-2&sv=0.53.0&v=AP-YFGMCGUNNIFB-2-1757929375550-49647461&vt=2&ai=6b933aba-006b-4c12-b4b5-a0ddc2adfcf4&s=AP-YFGMCGUNNIFB-2-1757936062371-62678874&sc=https%3A%2F%2F&ho=obfuscated-rm-base.example.com&pa=%2F&q=&ha=%23browse%2Fbrowse%3Amaven-snapshots%3Acom%2Fexample%2Fnexus%2F0.0.1-SNAPSHOT&u=obfuscated-rm-base.example.com%2F%23browse%2Fbrowse%3Amaven-snapshots%3Acom%2Fexample%2Fnexus%2F0.0.1-SNAPSHOT&gcx=%7B%22rm_serverVersion%22%3A%223.84.0-03%22%2C%22usertype%22%3A%22administrator%22%7D&cb=1757937605808-7311 HTTP/1.1" 200 0 - [qtp1838489033-189]
[15/Sep/2025:12:01:45 +0000] - "POST https://clm.sonatype.com/user-telemetry/v1/rte/v2/command?p=AP-YFGMCGUNNIFB-2&et=pageview HTTP/1.1" 200 0 - [qtp1838489033-24]
[15/Sep/2025:12:01:45 +0000] - "POST https://clm.sonatype.com/user-telemetry/v1/rte/v2/command?p=AP-YFGMCGUNNIFB-2&et=click HTTP/1.1" 200 0 - [qtp1838489033-189]
[15/Sep/2025:12:01:46 +0000] - "POST https://rhc.sonatype.com/rest/rhc/extras/components/popularity/adcad7ae-e120e0c0-b609d707-507eb54e-bf67ca6d HTTP/1.1" 200 2 - [qtp1838489033-91]
[15/Sep/2025:12:01:46 +0000] - "GET https://clm.sonatype.com/user-telemetry/v1/rte/v1/inapp?p=AP-YFGMCGUNNIFB-2&sv=0.53.0&v=AP-YFGMCGUNNIFB-2-1757929375550-49647461&vt=2&ai=6b933aba-006b-4c12-b4b5-a0ddc2adfcf4&s=AP-YFGMCGUNNIFB-2-1757936062371-62678874&sc=https%3A%2F%2F&ho=obfuscated-rm-base.example.com&pa=%2F&q=&ha=%23browse%2Fbrowse%3Amaven-snapshots%3Acom%2Fexample%2Fnexus%2F0.0.1-SNAPSHOT%2F0.0.1-20250915.115505-1&u=obfuscated-rm-base.example.com%2F%23browse%2Fbrowse%3Amaven-snapshots%3Acom%2Fexample%2Fnexus%2F0.0.1-SNAPSHOT%2F0.0.1-20250915.115505-1&gcx=%7B%22rm_serverVersion%22%3A%223.84.0-03%22%2C%22usertype%22%3A%22administrator%22%7D&cb=1757937705511-4258 HTTP/1.1" 200 0 - [qtp1838489033-181]
[15/Sep/2025:12:01:46 +0000] - "POST https://rhc.sonatype.com/rest/rhc/extras/components/adcad7ae-e120e0c0-b609d707-507eb54e-bf67ca6d HTTP/1.1" 200 2 - [qtp1838489033-91]
[15/Sep/2025:12:01:46 +0000] - "POST https://clm.sonatype.com/user-telemetry/v1/rte/v2/command?p=AP-YFGMCGUNNIFB-2&et=click HTTP/1.1" 200 0 - [qtp1838489033-219]
[15/Sep/2025:12:01:47 +0000] - "POST https://clm.sonatype.com/user-telemetry/v1/rte/v2/command?p=AP-YFGMCGUNNIFB-2&et=click HTTP/1.1" 200 0 - [qtp1838489033-182]
[15/Sep/2025:12:01:48 +0000] - "GET https://clm.sonatype.com/user-telemetry/v1/rte/v1/inapp?p=AP-YFGMCGUNNIFB-2&sv=0.53.0&v=AP-YFGMCGUNNIFB-2-1757929375550-49647461&vt=2&ai=6b933aba-006b-4c12-b4b5-a0ddc2adfcf4&s=AP-YFGMCGUNNIFB-2-1757936062371-62678874&sc=https%3A%2F%2F&ho=obfuscated-rm-base.example.com&pa=%2F&q=&ha=%23browse%2Fbrowse%3Amaven-snapshots%3Acom%2Fexample%2Fnexus%2F0.0.1-SNAPSHOT%2F0.0.1-20250915.115505-1&u=obfuscated-rm-base.example.com%2F%23browse%2Fbrowse%3Amaven-snapshots%3Acom%2Fexample%2Fnexus%2F0.0.1-SNAPSHOT%2F0.0.1-20250915.115505-1&gcx=%7B%22rm_serverVersion%22%3A%223.84.0-03%22%2C%22usertype%22%3A%22administrator%22%7D&cb=1757937707239-4715 HTTP/1.1" 200 0 - [qtp1838489033-189]
[15/Sep/2025:12:01:53 +0000] - "POST https://clm.sonatype.com/user-telemetry/v1/rte/v2/command?p=AP-YFGMCGUNNIFB-2&et=pageview HTTP/1.1" 200 0 - [qtp1838489033-89]
[15/Sep/2025:12:01:53 +0000] - "POST https://clm.sonatype.com/user-telemetry/v1/rte/v2/command?p=AP-YFGMCGUNNIFB-2&et=click HTTP/1.1" 200 0 - [qtp1838489033-189]
[15/Sep/2025:12:01:54 +0000] - "GET https://clm.sonatype.com/user-telemetry/v1/rte/v1/inapp?p=AP-YFGMCGUNNIFB-2&sv=0.53.0&v=AP-YFGMCGUNNIFB-2-1757929375550-49647461&vt=2&ai=6b933aba-006b-4c12-b4b5-a0ddc2adfcf4&s=AP-YFGMCGUNNIFB-2-1757936062371-62678874&sc=https%3A%2F%2F&ho=obfuscated-rm-base.example.com&pa=%2F&q=&ha=%23browse%2Fbrowse%3Amaven-snapshots%3Acom%2Fexample%2Fnexus%2F0.0.1-SNAPSHOT%2F0.0.1-20250915.115505-1%2Fnexus-0.0.1-20250915.115505-1.jar&u=obfuscated-rm-base.example.com%2F%23browse%2Fbrowse%3Amaven-snapshots%3Acom%2Fexample%2Fnexus%2F0.0.1-SNAPSHOT%2F0.0.1-20250915.115505-1%2Fnexus-0.0.1-20250915.115505-1.jar&gcx=%7B%22rm_serverVersion%22%3A%223.84.0-03%22%2C%22usertype%22%3A%22administrator%22%7D&cb=1757937713417-3587 HTTP/1.1" 200 0 - [qtp1838489033-91]
[15/Sep/2025:12:02:01 +0000] - "POST https://clm.sonatype.com/user-telemetry/v1/rte/v2/command?p=AP-YFGMCGUNNIFB-2&et=click HTTP/1.1" 200 0 - [qtp1838489033-189]
[15/Sep/2025:12:02:02 +0000] - "GET https://clm.sonatype.com/user-telemetry/v1/rte/v1/inapp?p=AP-YFGMCGUNNIFB-2&sv=0.53.0&v=AP-YFGMCGUNNIFB-2-1757929375550-49647461&vt=2&ai=6b933aba-006b-4c12-b4b5-a0ddc2adfcf4&s=AP-YFGMCGUNNIFB-2-1757936062371-62678874&sc=https%3A%2F%2F&ho=obfuscated-rm-base.example.com&pa=%2F&q=&ha=%23browse%2Fbrowse%3Amaven-snapshots%3Acom%2Fexample%2Fnexus%2F0.0.1-SNAPSHOT%2F0.0.1-20250915.115505-1%2Fnexus-0.0.1-20250915.115505-1.jar&u=obfuscated-rm-base.example.com%2F%23browse%2Fbrowse%3Amaven-snapshots%3Acom%2Fexample%2Fnexus%2F0.0.1-SNAPSHOT%2F0.0.1-20250915.115505-1%2Fnexus-0.0.1-20250915.115505-1.jar&gcx=%7B%22rm_serverVersion%22%3A%223.84.0-03%22%2C%22usertype%22%3A%22administrator%22%7D&cb=1757937721383-9974 HTTP/1.1" 200 0 - [qtp1838489033-181]
[15/Sep/2025:12:02:44 +0000] - "GET https://clm.sonatype.com/user-telemetry/v1/rte/api/v1/feature/client?p=AP-YFGMCGUNNIFB-2&sv=0.53.0&v=AP-YFGMCGUNNIFB-2-1757929375550-49647461&vt=2&ai=6b933aba-006b-4c12-b4b5-a0ddc2adfcf4&s=AP-YFGMCGUNNIFB-2-1757936062371-62678874&wsv=0.53.0&cb=1757937763184-8225 HTTP/1.1" 200 41332 - [qtp1838489033-189]
[15/Sep/2025:12:12:44 +0000] - "GET https://clm.sonatype.com/user-telemetry/v1/rte/api/v1/feature/client?p=AP-YFGMCGUNNIFB-2&sv=0.53.0&v=AP-YFGMCGUNNIFB-2-1757929375550-49647461&vt=2&ai=6b933aba-006b-4c12-b4b5-a0ddc2adfcf4&s=AP-YFGMCGUNNIFB-2-1757936062371-62678874&wsv=0.53.0&cb=1757938363188-4718 HTTP/1.1" 200 41332 - [qtp1838489033-181]
[15/Sep/2025:12:17:43 +0000] - "GET https://clm.sonatype.com/user-telemetry/v1/rte/v1/configuration/AP-YFGMCGUNNIFB-2?ai=6b933aba-006b-4c12-b4b5-a0ddc2adfcf4 HTTP/1.1" 200 2146 - [qtp1838489033-189]
[15/Sep/2025:12:17:43 +0000] - "GET https://clm.sonatype.com/user-telemetry/v1/rte/api/v1/feature/client?p=AP-YFGMCGUNNIFB-2&sv=0.53.0&v=AP-YFGMCGUNNIFB-2-1757929375550-49647461&vt=2&ai=6b933aba-006b-4c12-b4b5-a0ddc2adfcf4&s=AP-YFGMCGUNNIFB-2-1757936062371-62678874&wsv=0.53.0&cb=1757938663182-9848 HTTP/1.1" 200 41332 - [qtp1838489033-182]
[15/Sep/2025:12:17:44 +0000] - "GET https://clm.sonatype.com/user-telemetry/v1/rte/v2/kc?s=AP-YFGMCGUNNIFB-2-1757936062371-62678874&p=AP-YFGMCGUNNIFB-2 HTTP/1.1" 200 0 - [qtp1838489033-89]
[15/Sep/2025:12:22:44 +0000] - "GET https://clm.sonatype.com/user-telemetry/v1/rte/api/v1/feature/client?p=AP-YFGMCGUNNIFB-2&sv=0.53.0&v=AP-YFGMCGUNNIFB-2-1757929375550-49647461&vt=2&ai=6b933aba-006b-4c12-b4b5-a0ddc2adfcf4&s=AP-YFGMCGUNNIFB-2-1757936062371-62678874&wsv=0.53.0&cb=1757938963183-9129 HTTP/1.1" 200 41332 - [qtp1838489033-181]
[15/Sep/2025:12:27:43 +0000] - "GET https://clm.sonatype.com/user-telemetry/v1/rte/api/v1/feature/client?p=AP-YFGMCGUNNIFB-2&sv=0.53.0&v=AP-YFGMCGUNNIFB-2-1757929375550-49647461&vt=2&ai=6b933aba-006b-4c12-b4b5-a0ddc2adfcf4&s=AP-YFGMCGUNNIFB-2-1757936062371-62678874&wsv=0.53.0&cb=1757939263183-3422 HTTP/1.1" 200 41332 - [qtp1838489033-182]
[15/Sep/2025:12:27:43 +0000] - "GET https://clm.sonatype.com/user-telemetry/v1/rte/v1/configuration/AP-YFGMCGUNNIFB-2?ai=6b933aba-006b-4c12-b4b5-a0ddc2adfcf4 HTTP/1.1" 200 2146 - [qtp1838489033-189]
[15/Sep/2025:12:27:44 +0000] - "GET https://clm.sonatype.com/user-telemetry/v1/rte/v2/kc?s=AP-YFGMCGUNNIFB-2-1757936062371-62678874&p=AP-YFGMCGUNNIFB-2 HTTP/1.1" 200 0 - [qtp1838489033-89]
[15/Sep/2025:12:33:28 +0000] - "GET https://clm.sonatype.com/user-telemetry/v1/rte/api/v1/feature/client?p=AP-YFGMCGUNNIFB-2&sv=0.53.0&v=AP-YFGMCGUNNIFB-2-1757929375550-49647461&vt=2&ai=6b933aba-006b-4c12-b4b5-a0ddc2adfcf4&s=AP-YFGMCGUNNIFB-2-1757936062371-62678874&wsv=0.53.0&cb=1757939608241-4858 HTTP/1.1" 200 41332 - [qtp1838489033-89]
[15/Sep/2025:12:48:16 +0000] - "GET https://clm.sonatype.com/user-telemetry/v1/rte/v1/configuration/AP-YFGMCGUNNIFB-2?ai=6b933aba-006b-4c12-b4b5-a0ddc2adfcf4 HTTP/1.1" 200 2146 - [qtp1838489033-181]
[15/Sep/2025:12:48:16 +0000] - "GET https://clm.sonatype.com/user-telemetry/v1/rte/api/v1/feature/client?p=AP-YFGMCGUNNIFB-2&sv=0.53.0&v=AP-YFGMCGUNNIFB-2-1757929375550-49647461&vt=2&ai=6b933aba-006b-4c12-b4b5-a0ddc2adfcf4&s=AP-YFGMCGUNNIFB-2-1757936062371-62678874&wsv=0.53.0&cb=1757940495233-4848 HTTP/1.1" 200 41332 - [qtp1838489033-182]
[15/Sep/2025:12:48:17 +0000] - "GET https://clm.sonatype.com/user-telemetry/v1/rte/v2/kc?s=AP-YFGMCGUNNIFB-2-1757936062371-62678874&p=AP-YFGMCGUNNIFB-2 HTTP/1.1" 200 0 - [qtp1838489033-89]
[15/Sep/2025:12:53:28 +0000] - "GET https://clm.sonatype.com/user-telemetry/v1/rte/api/v1/feature/client?p=AP-YFGMCGUNNIFB-2&sv=0.53.0&v=AP-YFGMCGUNNIFB-2-1757929375550-49647461&vt=2&ai=6b933aba-006b-4c12-b4b5-a0ddc2adfcf4&s=AP-YFGMCGUNNIFB-2-1757936062371-62678874&wsv=0.53.0&cb=1757940808207-8983 HTTP/1.1" 200 41332 - [qtp1838489033-89]
[15/Sep/2025:12:57:44 +0000] - "GET https://clm.sonatype.com/user-telemetry/v1/rte/v1/configuration/AP-YFGMCGUNNIFB-2?ai=6b933aba-006b-4c12-b4b5-a0ddc2adfcf4 HTTP/1.1" 200 2146 - [qtp1838489033-89]
[15/Sep/2025:12:57:45 +0000] - "GET https://clm.sonatype.com/user-telemetry/v1/rte/v2/kc?s=AP-YFGMCGUNNIFB-2-1757936062371-62678874&p=AP-YFGMCGUNNIFB-2 HTTP/1.1" 200 0 - [qtp1838489033-189]
[15/Sep/2025:12:58:28 +0000] - "GET https://clm.sonatype.com/user-telemetry/v1/rte/api/v1/feature/client?p=AP-YFGMCGUNNIFB-2&sv=0.53.0&v=AP-YFGMCGUNNIFB-2-1757929375550-49647461&vt=2&ai=6b933aba-006b-4c12-b4b5-a0ddc2adfcf4&s=AP-YFGMCGUNNIFB-2-1757936062371-62678874&wsv=0.53.0&cb=1757941108207-4259 HTTP/1.1" 200 41332 - [qtp1838489033-89]
[15/Sep/2025:13:03:28 +0000] - "GET https://clm.sonatype.com/user-telemetry/v1/rte/api/v1/feature/client?p=AP-YFGMCGUNNIFB-2&sv=0.53.0&v=AP-YFGMCGUNNIFB-2-1757929375550-49647461&vt=2&ai=6b933aba-006b-4c12-b4b5-a0ddc2adfcf4&s=AP-YFGMCGUNNIFB-2-1757936062371-62678874&wsv=0.53.0&cb=1757941408224-9356 HTTP/1.1" 200 41332 - [qtp1838489033-89]
[15/Sep/2025:13:07:43 +0000] - "GET https://clm.sonatype.com/user-telemetry/v1/rte/v1/configuration/AP-YFGMCGUNNIFB-2?ai=6b933aba-006b-4c12-b4b5-a0ddc2adfcf4 HTTP/1.1" 200 2146 - [qtp1838489033-189]
[15/Sep/2025:13:07:44 +0000] - "GET https://clm.sonatype.com/user-telemetry/v1/rte/v2/kc?s=AP-YFGMCGUNNIFB-2-1757936062371-62678874&p=AP-YFGMCGUNNIFB-2 HTTP/1.1" 200 0 - [qtp1838489033-89]
[15/Sep/2025:13:08:29 +0000] - "GET https://clm.sonatype.com/user-telemetry/v1/rte/api/v1/feature/client?p=AP-YFGMCGUNNIFB-2&sv=0.53.0&v=AP-YFGMCGUNNIFB-2-1757929375550-49647461&vt=2&ai=6b933aba-006b-4c12-b4b5-a0ddc2adfcf4&s=AP-YFGMCGUNNIFB-2-1757936062371-62678874&wsv=0.53.0&cb=1757941708188-1768 HTTP/1.1" 200 41332 - [qtp1838489033-189]
[15/Sep/2025:13:10:39 +0000] - "POST https://clm.sonatype.com/user-telemetry/v1/rte/v2/command?p=AP-YFGMCGUNNIFB-2&et=sessionInitialized HTTP/1.1" 200 0 - [qtp1838489033-181]
[15/Sep/2025:13:10:39 +0000] - "POST https://clm.sonatype.com/user-telemetry/v1/rte/v2/command?p=AP-YFGMCGUNNIFB-2&et=identify HTTP/1.1" 200 0 - [qtp1838489033-219]
[15/Sep/2025:13:10:40 +0000] - "POST https://clm.sonatype.com/user-telemetry/v1/rte/v2/command?p=AP-YFGMCGUNNIFB-2&et=custom HTTP/1.1" 200 0 - [qtp1838489033-89]
[15/Sep/2025:13:10:40 +0000] - "GET https://clm.sonatype.com/user-telemetry/v1/rte/v2/kc?s=AP-YFGMCGUNNIFB-2-1757941838646-37121347&p=AP-YFGMCGUNNIFB-2 HTTP/1.1" 200 0 - [qtp1838489033-218]
[15/Sep/2025:13:10:41 +0000] - "GET https://clm.sonatype.com/user-telemetry/v1/rte/v1/inapp?p=AP-YFGMCGUNNIFB-2&sv=0.53.0&v=AP-YFGMCGUNNIFB-2-1757929375550-49647461&vt=2&ai=6b933aba-006b-4c12-b4b5-a0ddc2adfcf4&s=AP-YFGMCGUNNIFB-2-1757941838646-37121347&sc=https%3A%2F%2F&ho=obfuscated-rm-base.example.com&pa=%2F&q=&ha=%23browse%2Fbrowse%3Amaven-snapshots%3Acom%2Fexample%2Fnexus%2F0.0.1-SNAPSHOT%2F0.0.1-20250915.115505-1%2Fnexus-0.0.1-20250915.115505-1.jar&u=obfuscated-rm-base.example.com%2F%23browse%2Fbrowse%3Amaven-snapshots%3Acom%2Fexample%2Fnexus%2F0.0.1-SNAPSHOT%2F0.0.1-20250915.115505-1%2Fnexus-0.0.1-20250915.115505-1.jar&gcx=%7B%22rm_serverVersion%22%3A%223.84.0-03%22%2C%22usertype%22%3A%22anonymous%22%7D&cb=1757941840040-7833 HTTP/1.1" 200 0 - [qtp1838489033-189]
[15/Sep/2025:13:10:41 +0000] - "GET https://clm.sonatype.com/user-telemetry/v1/rte/v2/kc?s=AP-YFGMCGUNNIFB-2-1757941838646-37121347&p=AP-YFGMCGUNNIFB-2 HTTP/1.1" 200 0 - [qtp1838489033-182]
[15/Sep/2025:13:10:42 +0000] - "GET https://clm.sonatype.com/user-telemetry/v1/rte/v2/kc?s=AP-YFGMCGUNNIFB-2-1757941838646-37121347&p=AP-YFGMCGUNNIFB-2 HTTP/1.1" 200 0 - [qtp1838489033-218]
[15/Sep/2025:13:10:43 +0000] - "POST https://clm.sonatype.com/user-telemetry/v1/rte/v2/command?p=AP-YFGMCGUNNIFB-2&et=click HTTP/1.1" 200 0 - [qtp1838489033-181]
[15/Sep/2025:13:10:44 +0000] - "GET https://clm.sonatype.com/user-telemetry/v1/rte/v1/inapp?p=AP-YFGMCGUNNIFB-2&sv=0.53.0&v=AP-YFGMCGUNNIFB-2-1757929375550-49647461&vt=2&ai=6b933aba-006b-4c12-b4b5-a0ddc2adfcf4&s=AP-YFGMCGUNNIFB-2-1757941838646-37121347&sc=https%3A%2F%2F&ho=obfuscated-rm-base.example.com&pa=%2F&q=&ha=%23browse%2Fbrowse%3Amaven-snapshots%3Acom%2Fexample%2Fnexus%2F0.0.1-SNAPSHOT%2F0.0.1-20250915.115505-1%2Fnexus-0.0.1-20250915.115505-1.jar&u=obfuscated-rm-base.example.com%2F%23browse%2Fbrowse%3Amaven-snapshots%3Acom%2Fexample%2Fnexus%2F0.0.1-SNAPSHOT%2F0.0.1-20250915.115505-1%2Fnexus-0.0.1-20250915.115505-1.jar&gcx=%7B%22rm_serverVersion%22%3A%223.84.0-03%22%2C%22usertype%22%3A%22anonymous%22%7D&cb=1757941843569-1557 HTTP/1.1" 200 0 - [qtp1838489033-24]
[15/Sep/2025:13:10:44 +0000] - "GET https://clm.sonatype.com/user-telemetry/v1/rte/v2/kc?s=AP-YFGMCGUNNIFB-2-1757941838646-37121347&p=AP-YFGMCGUNNIFB-2 HTTP/1.1" 200 0 - [qtp1838489033-189]
[15/Sep/2025:13:10:49 +0000] - "POST https://clm.sonatype.com/user-telemetry/v1/rte/v2/command?p=AP-YFGMCGUNNIFB-2&et=identify HTTP/1.1" 200 0 - [qtp1838489033-189]
[15/Sep/2025:13:10:51 +0000] - "GET https://clm.sonatype.com/user-telemetry/v1/rte/v2/kc?s=AP-YFGMCGUNNIFB-2-1757941838646-37121347&p=AP-YFGMCGUNNIFB-2 HTTP/1.1" 200 0 - [qtp1838489033-181]
[15/Sep/2025:13:10:52 +0000] - "POST https://clm.sonatype.com/user-telemetry/v1/rte/v2/command?p=AP-YFGMCGUNNIFB-2&et=custom HTTP/1.1" 200 0 - [qtp1838489033-24]
[15/Sep/2025:13:10:53 +0000] - "GET https://clm.sonatype.com/user-telemetry/v1/rte/v1/inapp?p=AP-YFGMCGUNNIFB-2&sv=0.53.0&v=AP-YFGMCGUNNIFB-2-1757929375550-49647461&vt=2&ai=6b933aba-006b-4c12-b4b5-a0ddc2adfcf4&s=AP-YFGMCGUNNIFB-2-1757941838646-37121347&sc=https%3A%2F%2F&ho=obfuscated-rm-base.example.com&pa=%2F&q=&ha=%23browse%2Fbrowse%3Amaven-snapshots%3Acom%2Fexample%2Fnexus%2F0.0.1-SNAPSHOT%2F0.0.1-20250915.115505-1%2Fnexus-0.0.1-20250915.115505-1.jar&u=obfuscated-rm-base.example.com%2F%23browse%2Fbrowse%3Amaven-snapshots%3Acom%2Fexample%2Fnexus%2F0.0.1-SNAPSHOT%2F0.0.1-20250915.115505-1%2Fnexus-0.0.1-20250915.115505-1.jar&gcx=%7B%22rm_serverVersion%22%3A%223.84.0-03%22%2C%22usertype%22%3A%22administrator%22%7D&cb=1757941852198-9351 HTTP/1.1" 200 0 - [qtp1838489033-189]
[15/Sep/2025:13:10:53 +0000] - "GET https://clm.sonatype.com/user-telemetry/v1/rte/v2/kc?s=AP-YFGMCGUNNIFB-2-1757941838646-37121347&p=AP-YFGMCGUNNIFB-2 HTTP/1.1" 200 0 - [qtp1838489033-89]
[15/Sep/2025:13:10:55 +0000] - "POST https://clm.sonatype.com/user-telemetry/v1/rte/v2/command?p=AP-YFGMCGUNNIFB-2&et=pageview HTTP/1.1" 200 0 - [qtp1838489033-182]
[15/Sep/2025:13:10:55 +0000] - "POST https://clm.sonatype.com/user-telemetry/v1/rte/v2/command?p=AP-YFGMCGUNNIFB-2&et=linkClick HTTP/1.1" 200 0 - [qtp1838489033-218]
[15/Sep/2025:13:10:55 +0000] - "POST https://clm.sonatype.com/user-telemetry/v1/rte/v2/command?p=AP-YFGMCGUNNIFB-2&et=pageview HTTP/1.1" 200 0 - [qtp1838489033-89]
[15/Sep/2025:13:10:57 +0000] - "GET https://clm.sonatype.com/user-telemetry/v1/rte/v1/inapp?p=AP-YFGMCGUNNIFB-2&sv=0.53.0&v=AP-YFGMCGUNNIFB-2-1757929375550-49647461&vt=2&ai=6b933aba-006b-4c12-b4b5-a0ddc2adfcf4&s=AP-YFGMCGUNNIFB-2-1757941838646-37121347&sc=https%3A%2F%2F&ho=obfuscated-rm-base.example.com&pa=%2F&q=&ha=%23browse%2Fwelcome&u=obfuscated-rm-base.example.com%2F%23browse%2Fwelcome&gcx=%7B%22rm_serverVersion%22%3A%223.84.0-03%22%2C%22usertype%22%3A%22administrator%22%7D&cb=1757941856095-5765 HTTP/1.1" 200 0 - [qtp1838489033-218]
[15/Sep/2025:13:13:29 +0000] - "GET https://clm.sonatype.com/user-telemetry/v1/rte/api/v1/feature/client?p=AP-YFGMCGUNNIFB-2&sv=0.53.0&v=AP-YFGMCGUNNIFB-2-1757929375550-49647461&vt=2&ai=6b933aba-006b-4c12-b4b5-a0ddc2adfcf4&s=AP-YFGMCGUNNIFB-2-1757941838646-37121347&wsv=0.53.0&cb=1757942008185-5421 HTTP/1.1" 200 41332 - [qtp1838489033-189]
[15/Sep/2025:13:18:28 +0000] - "GET https://clm.sonatype.com/user-telemetry/v1/rte/v1/configuration/AP-YFGMCGUNNIFB-2?ai=6b933aba-006b-4c12-b4b5-a0ddc2adfcf4 HTTP/1.1" 200 2146 - [qtp1838489033-250]
[15/Sep/2025:13:18:29 +0000] - "GET https://clm.sonatype.com/user-telemetry/v1/rte/v2/kc?s=AP-YFGMCGUNNIFB-2-1757941838646-37121347&p=AP-YFGMCGUNNIFB-2 HTTP/1.1" 200 0 - [qtp1838489033-189]
[15/Sep/2025:13:18:29 +0000] - "GET https://clm.sonatype.com/user-telemetry/v1/rte/api/v1/feature/client?p=AP-YFGMCGUNNIFB-2&sv=0.53.0&v=AP-YFGMCGUNNIFB-2-1757929375550-49647461&vt=2&ai=6b933aba-006b-4c12-b4b5-a0ddc2adfcf4&s=AP-YFGMCGUNNIFB-2-1757941838646-37121347&wsv=0.53.0&cb=1757942308188-9149 HTTP/1.1" 200 41332 - [qtp1838489033-89]
[15/Sep/2025:13:23:29 +0000] - "GET https://clm.sonatype.com/user-telemetry/v1/rte/api/v1/feature/client?p=AP-YFGMCGUNNIFB-2&sv=0.53.0&v=AP-YFGMCGUNNIFB-2-1757929375550-49647461&vt=2&ai=6b933aba-006b-4c12-b4b5-a0ddc2adfcf4&s=AP-YFGMCGUNNIFB-2-1757941838646-37121347&wsv=0.53.0&cb=1757942608210-3641 HTTP/1.1" 200 41332 - [qtp1838489033-250]
[15/Sep/2025:13:28:28 +0000] - "GET https://clm.sonatype.com/user-telemetry/v1/rte/v1/configuration/AP-YFGMCGUNNIFB-2?ai=6b933aba-006b-4c12-b4b5-a0ddc2adfcf4 HTTP/1.1" 200 2146 - [qtp1838489033-253]
[15/Sep/2025:13:28:29 +0000] - "GET https://clm.sonatype.com/user-telemetry/v1/rte/api/v1/feature/client?p=AP-YFGMCGUNNIFB-2&sv=0.53.0&v=AP-YFGMCGUNNIFB-2-1757929375550-49647461&vt=2&ai=6b933aba-006b-4c12-b4b5-a0ddc2adfcf4&s=AP-YFGMCGUNNIFB-2-1757941838646-37121347&wsv=0.53.0&cb=1757942908172-2678 HTTP/1.1" 200 41332 - [qtp1838489033-189]
[15/Sep/2025:13:28:29 +0000] - "GET https://clm.sonatype.com/user-telemetry/v1/rte/v2/kc?s=AP-YFGMCGUNNIFB-2-1757941838646-37121347&p=AP-YFGMCGUNNIFB-2 HTTP/1.1" 200 0 - [qtp1838489033-89]
[15/Sep/2025:13:33:28 +0000] - "GET https://clm.sonatype.com/user-telemetry/v1/rte/api/v1/feature/client?p=AP-YFGMCGUNNIFB-2&sv=0.53.0&v=AP-YFGMCGUNNIFB-2-1757929375550-49647461&vt=2&ai=6b933aba-006b-4c12-b4b5-a0ddc2adfcf4&s=AP-YFGMCGUNNIFB-2-1757941838646-37121347&wsv=0.53.0&cb=1757943208177-6713 HTTP/1.1" 200 41332 - [qtp1838489033-218]
[15/Sep/2025:13:38:28 +0000] - "GET https://clm.sonatype.com/user-telemetry/v1/rte/v1/configuration/AP-YFGMCGUNNIFB-2?ai=6b933aba-006b-4c12-b4b5-a0ddc2adfcf4 HTTP/1.1" 200 2146 - [qtp1838489033-189]
[15/Sep/2025:13:38:29 +0000] - "GET https://clm.sonatype.com/user-telemetry/v1/rte/v2/kc?s=AP-YFGMCGUNNIFB-2-1757941838646-37121347&p=AP-YFGMCGUNNIFB-2 HTTP/1.1" 200 0 - [qtp1838489033-89]
[15/Sep/2025:13:38:29 +0000] - "GET https://clm.sonatype.com/user-telemetry/v1/rte/api/v1/feature/client?p=AP-YFGMCGUNNIFB-2&sv=0.53.0&v=AP-YFGMCGUNNIFB-2-1757929375550-49647461&vt=2&ai=6b933aba-006b-4c12-b4b5-a0ddc2adfcf4&s=AP-YFGMCGUNNIFB-2-1757941838646-37121347&wsv=0.53.0&cb=1757943508184-8418 HTTP/1.1" 200 41332 - [qtp1838489033-181]
[15/Sep/2025:13:43:29 +0000] - "GET https://clm.sonatype.com/user-telemetry/v1/rte/api/v1/feature/client?p=AP-YFGMCGUNNIFB-2&sv=0.53.0&v=AP-YFGMCGUNNIFB-2-1757929375550-49647461&vt=2&ai=6b933aba-006b-4c12-b4b5-a0ddc2adfcf4&s=AP-YFGMCGUNNIFB-2-1757941838646-37121347&wsv=0.53.0&cb=1757943808216-2319 HTTP/1.1" 200 41332 - [qtp1838489033-253]
[15/Sep/2025:13:48:29 +0000] - "GET https://clm.sonatype.com/user-telemetry/v1/rte/api/v1/feature/client?p=AP-YFGMCGUNNIFB-2&sv=0.53.0&v=AP-YFGMCGUNNIFB-2-1757929375550-49647461&vt=2&ai=6b933aba-006b-4c12-b4b5-a0ddc2adfcf4&s=AP-YFGMCGUNNIFB-2-1757941838646-37121347&wsv=0.53.0&cb=1757944108206-1211 HTTP/1.1" 200 41332 - [qtp1838489033-250]
[15/Sep/2025:13:48:29 +0000] - "GET https://clm.sonatype.com/user-telemetry/v1/rte/v1/configuration/AP-YFGMCGUNNIFB-2?ai=6b933aba-006b-4c12-b4b5-a0ddc2adfcf4 HTTP/1.1" 200 2146 - [qtp1838489033-89]
[15/Sep/2025:13:48:30 +0000] - "GET https://clm.sonatype.com/user-telemetry/v1/rte/v2/kc?s=AP-YFGMCGUNNIFB-2-1757941838646-37121347&p=AP-YFGMCGUNNIFB-2 HTTP/1.1" 200 0 - [qtp1838489033-253]
[15/Sep/2025:14:11:14 +0000] - "GET https://clm.sonatype.com/user-telemetry/v1/rte/v1/configuration/AP-YFGMCGUNNIFB-2?ai=6b933aba-006b-4c12-b4b5-a0ddc2adfcf4 HTTP/1.1" 200 2146 - [qtp1838489033-250]
[15/Sep/2025:14:11:14 +0000] - "GET https://clm.sonatype.com/user-telemetry/v1/rte/api/v1/feature/client?p=AP-YFGMCGUNNIFB-2&sv=0.53.0&v=AP-YFGMCGUNNIFB-2-1757929375550-49647461&vt=2&ai=6b933aba-006b-4c12-b4b5-a0ddc2adfcf4&s=AP-YFGMCGUNNIFB-2-1757941838646-37121347&wsv=0.53.0&cb=1757945462518-4139 HTTP/1.1" 200 41332 - [qtp1838489033-253]
[15/Sep/2025:14:11:15 +0000] - "GET https://clm.sonatype.com/user-telemetry/v1/rte/v2/kc?s=AP-YFGMCGUNNIFB-2-1757941838646-37121347&p=AP-YFGMCGUNNIFB-2 HTTP/1.1" 200 0 - [qtp1838489033-181]
[15/Sep/2025:14:13:29 +0000] - "GET https://clm.sonatype.com/user-telemetry/v1/rte/api/v1/feature/client?p=AP-YFGMCGUNNIFB-2&sv=0.53.0&v=AP-YFGMCGUNNIFB-2-1757929375550-49647461&vt=2&ai=6b933aba-006b-4c12-b4b5-a0ddc2adfcf4&s=AP-YFGMCGUNNIFB-2-1757941838646-37121347&wsv=0.53.0&cb=1757945608263-1467 HTTP/1.1" 200 41332 - [qtp1838489033-189]
[15/Sep/2025:14:18:29 +0000] - "GET https://clm.sonatype.com/user-telemetry/v1/rte/v1/configuration/AP-YFGMCGUNNIFB-2?ai=6b933aba-006b-4c12-b4b5-a0ddc2adfcf4 HTTP/1.1" 200 2146 - [qtp1838489033-24]
[15/Sep/2025:14:18:29 +0000] - "GET https://clm.sonatype.com/user-telemetry/v1/rte/api/v1/feature/client?p=AP-YFGMCGUNNIFB-2&sv=0.53.0&v=AP-YFGMCGUNNIFB-2-1757929375550-49647461&vt=2&ai=6b933aba-006b-4c12-b4b5-a0ddc2adfcf4&s=AP-YFGMCGUNNIFB-2-1757941838646-37121347&wsv=0.53.0&cb=1757945908189-7789 HTTP/1.1" 200 41332 - [qtp1838489033-253]
[15/Sep/2025:14:18:30 +0000] - "GET https://clm.sonatype.com/user-telemetry/v1/rte/v2/kc?s=AP-YFGMCGUNNIFB-2-1757941838646-37121347&p=AP-YFGMCGUNNIFB-2 HTTP/1.1" 200 0 - [qtp1838489033-189]
[15/Sep/2025:14:23:29 +0000] - "GET https://clm.sonatype.com/user-telemetry/v1/rte/api/v1/feature/client?p=AP-YFGMCGUNNIFB-2&sv=0.53.0&v=AP-YFGMCGUNNIFB-2-1757929375550-49647461&vt=2&ai=6b933aba-006b-4c12-b4b5-a0ddc2adfcf4&s=AP-YFGMCGUNNIFB-2-1757941838646-37121347&wsv=0.53.0&cb=1757946208197-1138 HTTP/1.1" 200 41332 - [qtp1838489033-181]
[15/Sep/2025:14:28:07 +0000] - "GET https://clm.sonatype.com/user-telemetry/v1/rte/api/v1/feature/client?p=AP-YFGMCGUNNIFB-2&sv=0.53.0&v=AP-YFGMCGUNNIFB-2-1757929375550-49647461&vt=2&ai=6b933aba-006b-4c12-b4b5-a0ddc2adfcf4&s=AP-YFGMCGUNNIFB-2-1757941838646-37121347&wsv=0.53.0&cb=1757946485726-6688 HTTP/1.1" 200 41332 - [qtp1838489033-181]
[15/Sep/2025:14:28:07 +0000] - "POST https://clm.sonatype.com/user-telemetry/v1/rte/v2/command?p=AP-YFGMCGUNNIFB-2&et=sessionInitialized HTTP/1.1" 200 0 - [qtp1838489033-89]
[15/Sep/2025:14:28:07 +0000] - "POST https://clm.sonatype.com/user-telemetry/v1/rte/v2/command?p=AP-YFGMCGUNNIFB-2&et=identify HTTP/1.1" 200 0 - [qtp1838489033-189]
[15/Sep/2025:14:28:07 +0000] - "GET https://clm.sonatype.com/user-telemetry/v1/rte/v1/configuration/AP-YFGMCGUNNIFB-2?ai=6b933aba-006b-4c12-b4b5-a0ddc2adfcf4 HTTP/1.1" 200 2146 - [qtp1838489033-218]
[15/Sep/2025:14:28:07 +0000] - "GET https://clm.sonatype.com/user-telemetry/v1/rte/v2/kc?s=AP-YFGMCGUNNIFB-2-1757946486158-44353342&p=AP-YFGMCGUNNIFB-2 HTTP/1.1" 200 0 - [qtp1838489033-253]
[15/Sep/2025:14:28:08 +0000] - "POST https://clm.sonatype.com/user-telemetry/v1/rte/v2/command?p=AP-YFGMCGUNNIFB-2&et=custom HTTP/1.1" 200 0 - [qtp1838489033-89]
[15/Sep/2025:14:28:08 +0000] - "GET https://clm.sonatype.com/user-telemetry/v1/rte/v1/inapp?p=AP-YFGMCGUNNIFB-2&sv=0.53.0&v=AP-YFGMCGUNNIFB-2-1757929375550-49647461&vt=2&ai=6b933aba-006b-4c12-b4b5-a0ddc2adfcf4&s=AP-YFGMCGUNNIFB-2-1757946486158-44353342&sc=https%3A%2F%2F&ho=obfuscated-rm-base.example.com&pa=%2F&q=&ha=%23browse%2Fwelcome&u=obfuscated-rm-base.example.com%2F%23browse%2Fwelcome&gcx=%7B%22rm_serverVersion%22%3A%223.84.0-03%22%2C%22usertype%22%3A%22anonymous%22%7D&cb=1757946488216-5487 HTTP/1.1" 200 0 - [qtp1838489033-24]
[15/Sep/2025:14:28:08 +0000] - "GET https://clm.sonatype.com/user-telemetry/v1/rte/v2/kc?s=AP-YFGMCGUNNIFB-2-1757946486158-44353342&p=AP-YFGMCGUNNIFB-2 HTTP/1.1" 200 0 - [qtp1838489033-250]
[15/Sep/2025:14:28:09 +0000] - "GET https://clm.sonatype.com/user-telemetry/v1/rte/v2/kc?s=AP-YFGMCGUNNIFB-2-1757946486158-44353342&p=AP-YFGMCGUNNIFB-2 HTTP/1.1" 200 0 - [qtp1838489033-189]
[15/Sep/2025:14:28:11 +0000] - "GET https://clm.sonatype.com/user-telemetry/v1/rte/v2/kc?s=AP-YFGMCGUNNIFB-2-1757946486158-44353342&p=AP-YFGMCGUNNIFB-2 HTTP/1.1" 200 0 - [qtp1838489033-181]
[15/Sep/2025:14:28:12 +0000] - "GET https://clm.sonatype.com/user-telemetry/v1/rte/v2/kc?s=AP-YFGMCGUNNIFB-2-1757946486158-44353342&p=AP-YFGMCGUNNIFB-2 HTTP/1.1" 200 0 - [qtp1838489033-189]
